Using pre-set license
Desktop is 5760 x 2160 @ 60 Hz

 COMMAND LINE ARGUMENTS:
Unity
-adb2
-batchMode
-noUpm
-name
AssetImportWorker0
-projectPath
/home/crisco/Unity/427-Final-Project/427-Final-Project/Advanced_Movement_Demo
-logFile
Logs/AssetImportWorker0.log
-srvPort
39319
Successfully changed project path to: /home/crisco/Unity/427-Final-Project/427-Final-Project/Advanced_Movement_Demo
/home/crisco/Unity/427-Final-Project/427-Final-Project/Advanced_Movement_Demo
Using Asset Import Pipeline V2.
Refreshing native plugins compatible for Editor in 33.65 ms, found 0 plugins.
Preloading 0 native plugins for Editor in 0.00 ms.
Initialize engine version: 2020.2.1f1 (270dd8c3da1c)
[Subsystems] Discovering subsystems at path /home/crisco/Unity/Hub/Editor/2020.2.1f1/Editor/Data/Resources/UnitySubsystems
[Subsystems] Discovering subsystems at path /home/crisco/Unity/427-Final-Project/427-Final-Project/Advanced_Movement_Demo/Assets
GLX Extensions: GLX_EXT_visual_info GLX_EXT_visual_rating GLX_EXT_import_context GLX_SGIX_fbconfig GLX_SGIX_pbuffer GLX_SGI_video_sync GLX_SGI_swap_control GLX_EXT_swap_control GLX_EXT_swap_control_tear GLX_EXT_texture_from_pixmap GLX_EXT_buffer_age GLX_ARB_create_context GLX_ARB_create_context_profile GLX_EXT_create_context_es_profile GLX_EXT_create_context_es2_profile GLX_ARB_create_context_no_error GLX_ARB_create_context_robustness GLX_NV_delay_before_swap GLX_EXT_stereo_tree GLX_ARB_context_flush_control GLX_NV_robustness_video_memory_purge GLX_NV_multigpu_context GLX_ARB_multisample GLX_NV_float_buffer GLX_ARB_fbconfig_float GLX_EXT_framebuffer_sRGB GLX_NV_copy_image GLX_ARB_get_proc_address 
Renderer: GeForce RTX 2070 SUPER/PCIe/SSE2
Vendor:   NVIDIA Corporation
Version:  4.5.0 NVIDIA 460.39
GLES:     0
 GL_AMD_multi_draw_indirect GL_AMD_seamless_cubemap_per_texture GL_AMD_vertex_shader_viewport_index GL_AMD_vertex_shader_layer GL_ARB_arrays_of_arrays GL_ARB_base_instance GL_ARB_bindless_texture GL_ARB_blend_func_extended GL_ARB_buffer_storage GL_ARB_clear_buffer_object GL_ARB_clear_texture GL_ARB_clip_control GL_ARB_color_buffer_float GL_ARB_compressed_texture_pixel_storage GL_ARB_conservative_depth GL_ARB_compute_shader GL_ARB_compute_variable_group_size GL_ARB_conditional_render_inverted GL_ARB_copy_buffer GL_ARB_copy_image GL_ARB_cull_distance GL_ARB_debug_output GL_ARB_depth_buffer_float GL_ARB_depth_clamp GL_ARB_depth_texture GL_ARB_derivative_control GL_ARB_direct_state_access GL_ARB_draw_buffers GL_ARB_draw_buffers_blend GL_ARB_draw_indirect GL_ARB_draw_elements_base_vertex GL_ARB_draw_instanced GL_ARB_enhanced_layouts GL_ARB_ES2_compatibility GL_ARB_ES3_compatibility GL_ARB_ES3_1_compatibility GL_ARB_ES3_2_compatibility GL_ARB_explicit_attrib_location GL_ARB_explicit_uniform_location GL_ARB_fragmen
t_coord_conventions GL_ARB_fragment_layer_viewport GL_ARB_fragment_program GL_ARB_fragment_program_shadow GL_ARB_fragment_shader GL_ARB_fragment_shader_interlock GL_ARB_framebuffer_no_attachments GL_ARB_framebuffer_object GL_ARB_framebuffer_sRGB GL_ARB_geometry_shader4 GL_ARB_get_program_binary GL_ARB_get_texture_sub_image GL_ARB_gl_spirv GL_ARB_gpu_shader5 GL_ARB_gpu_shader_fp64 GL_ARB_gpu_shader_int64 GL_ARB_half_float_pixel GL_ARB_half_float_vertex GL_ARB_imaging GL_ARB_indirect_parameters GL_ARB_instanced_arrays GL_ARB_internalformat_query GL_ARB_internalformat_query2 GL_ARB_invalidate_subdata GL_ARB_map_buffer_alignment GL_ARB_map_buffer_range GL_ARB_multi_bind GL_ARB_multi_draw_indirect GL_ARB_multisample GL_ARB_multitexture GL_ARB_occlusion_query GL_ARB_occlusion_query2 GL_ARB_parallel_shader_compile GL_ARB_pipeline_statistics_query GL_ARB_pixel_buffer_object GL_ARB_point_parameters GL_ARB_point_sprite GL_ARB_polygon_offset_clamp GL_ARB_post_depth_coverage GL_ARB_program_interface_query GL_ARB_provoki
ng_vertex GL_ARB_query_buffer_object GL_ARB_robust_buffer_access_behavior GL_ARB_robustness GL_ARB_sample_locations GL_ARB_sample_shading GL_ARB_sampler_objects GL_ARB_seamless_cube_map GL_ARB_seamless_cubemap_per_texture GL_ARB_separate_shader_objects GL_ARB_shader_atomic_counter_ops GL_ARB_shader_atomic_counters GL_ARB_shader_ballot GL_ARB_shader_bit_encoding GL_ARB_shader_clock GL_ARB_shader_draw_parameters GL_ARB_shader_group_vote GL_ARB_shader_image_load_store GL_ARB_shader_image_size GL_ARB_shader_objects GL_ARB_shader_precision GL_ARB_shader_storage_buffer_object GL_ARB_shader_subroutine GL_ARB_shader_texture_image_samples GL_ARB_shader_texture_lod GL_ARB_shading_language_100 GL_ARB_shader_viewport_layer_array GL_ARB_shading_language_420pack GL_ARB_shading_language_include GL_ARB_shading_language_packing GL_ARB_shadow GL_ARB_sparse_buffer GL_ARB_sparse_texture GL_ARB_sparse_texture2 GL_ARB_sparse_texture_clamp GL_ARB_spirv_extensions GL_ARB_stencil_texturing GL_ARB_sync GL_ARB_tessellation_shader GL_A
RB_texture_barrier GL_ARB_texture_border_clamp GL_ARB_texture_buffer_object GL_ARB_texture_buffer_object_rgb32 GL_ARB_texture_buffer_range GL_ARB_texture_compression GL_ARB_texture_compression_bptc GL_ARB_texture_compression_rgtc GL_ARB_texture_cube_map GL_ARB_texture_cube_map_array GL_ARB_texture_env_add GL_ARB_texture_env_combine GL_ARB_texture_env_crossbar GL_ARB_texture_env_dot3 GL_ARB_texture_filter_anisotropic GL_ARB_texture_filter_minmax GL_ARB_texture_float GL_ARB_texture_gather GL_ARB_texture_mirror_clamp_to_edge GL_ARB_texture_mirrored_repeat GL_ARB_texture_multisample GL_ARB_texture_non_power_of_two GL_ARB_texture_query_levels GL_ARB_texture_query_lod GL_ARB_texture_rectangle GL_ARB_texture_rg GL_ARB_texture_rgb10_a2ui GL_ARB_texture_stencil8 GL_ARB_texture_storage GL_ARB_texture_storage_multisample GL_ARB_texture_swizzle GL_ARB_texture_view GL_ARB_timer_query GL_ARB_transform_feedback2 GL_ARB_transform_feedback3 GL_ARB_transform_feedback_instanced GL_ARB_transform_feedback_overflow_query GL_ARB_t
ranspose_matrix GL_ARB_uniform_buffer_object GL_ARB_vertex_array_bgra GL_ARB_vertex_array_object GL_ARB_vertex_attrib_64bit GL_ARB_vertex_attrib_binding GL_ARB_vertex_buffer_object GL_ARB_vertex_program GL_ARB_vertex_shader GL_ARB_vertex_type_10f_11f_11f_rev GL_ARB_vertex_type_2_10_10_10_rev GL_ARB_viewport_array GL_ARB_window_pos GL_ATI_draw_buffers GL_ATI_texture_float GL_ATI_texture_mirror_once GL_S3_s3tc GL_EXT_texture_env_add GL_EXT_abgr GL_EXT_bgra GL_EXT_bindable_uniform GL_EXT_blend_color GL_EXT_blend_equation_separate GL_EXT_blend_func_separate GL_EXT_blend_minmax GL_EXT_blend_subtract GL_EXT_compiled_vertex_array GL_EXT_Cg_shader GL_EXT_depth_bounds_test GL_EXT_direct_state_access GL_EXT_draw_buffers2 GL_EXT_draw_instanced GL_EXT_draw_range_elements GL_EXT_fog_coord GL_EXT_framebuffer_blit GL_EXT_framebuffer_multisample GL_EXTX_framebuffer_mixed_formats GL_EXT_framebuffer_multisample_blit_scaled GL_EXT_framebuffer_object GL_EXT_framebuffer_sRGB GL_EXT_geometry_shader4 GL_EXT_gpu_program_parameters 
GL_EXT_gpu_shader4 GL_EXT_multi_draw_arrays GL_EXT_multiview_texture_multisample GL_EXT_multiview_timer_query GL_EXT_packed_depth_stencil GL_EXT_packed_float GL_EXT_packed_pixels GL_EXT_pixel_buffer_object GL_EXT_point_parameters GL_EXT_polygon_offset_clamp GL_EXT_post_depth_coverage GL_EXT_provoking_vertex GL_EXT_raster_multisample GL_EXT_rescale_normal GL_EXT_secondary_color GL_EXT_separate_shader_objects GL_EXT_separate_specular_color GL_EXT_shader_image_load_formatted GL_EXT_shader_image_load_store GL_EXT_shader_integer_mix GL_EXT_shadow_funcs GL_EXT_sparse_texture2 GL_EXT_stencil_two_side GL_EXT_stencil_wrap GL_EXT_texture3D GL_EXT_texture_array GL_EXT_texture_buffer_object GL_EXT_texture_compression_dxt1 GL_EXT_texture_compression_latc GL_EXT_texture_compression_rgtc GL_EXT_texture_compression_s3tc GL_EXT_texture_cube_map GL_EXT_texture_edge_clamp GL_EXT_texture_env_combine GL_EXT_texture_env_dot3 GL_EXT_texture_filter_anisotropic GL_EXT_texture_filter_minmax GL_EXT_texture_integer GL_EXT_texture_lod G
L_EXT_texture_lod_bias GL_EXT_texture_mirror_clamp GL_EXT_texture_object GL_EXT_texture_shadow_lod GL_EXT_texture_shared_exponent GL_EXT_texture_sRGB GL_EXT_texture_sRGB_R8 GL_EXT_texture_sRGB_decode GL_EXT_texture_storage GL_EXT_texture_swizzle GL_EXT_timer_query GL_EXT_transform_feedback2 GL_EXT_vertex_array GL_EXT_vertex_array_bgra GL_EXT_vertex_attrib_64bit GL_EXT_window_rectangles GL_EXT_x11_sync_object GL_EXT_import_sync_object GL_NV_robustness_video_memory_purge GL_IBM_rasterpos_clip GL_IBM_texture_mirrored_repeat GL_KHR_context_flush_control GL_KHR_debug GL_EXT_memory_object GL_EXT_memory_object_fd GL_NV_memory_object_sparse GL_KHR_parallel_shader_compile GL_KHR_no_error GL_KHR_robust_buffer_access_behavior GL_KHR_robustness GL_EXT_semaphore GL_EXT_semaphore_fd GL_NV_timeline_semaphore GL_KHR_shader_subgroup GL_KTX_buffer_region GL_NV_alpha_to_coverage_dither_control GL_NV_bindless_multi_draw_indirect GL_NV_bindless_multi_draw_indirect_count GL_NV_bindless_texture GL_NV_blend_equation_advanced GL_NV_
blend_equation_advanced_coherent GL_NVX_blend_equation_advanced_multi_draw_buffers GL_NV_blend_minmax_factor GL_NV_blend_square GL_NV_clip_space_w_scaling GL_NV_command_list GL_NV_compute_program5 GL_NV_compute_shader_derivatives GL_NV_conditional_render GL_NV_conservative_raster GL_NV_conservative_raster_dilate GL_NV_conservative_raster_pre_snap GL_NV_conservative_raster_pre_snap_triangles GL_NV_conservative_raster_underestimation GL_NV_copy_depth_to_color GL_NV_copy_image GL_NV_depth_buffer_float GL_NV_depth_clamp GL_NV_draw_texture GL_NV_draw_vulkan_image GL_NV_ES1_1_compatibility GL_NV_ES3_1_compatibility GL_NV_explicit_multisample GL_NV_feature_query GL_NV_fence GL_NV_fill_rectangle GL_NV_float_buffer GL_NV_fog_distance GL_NV_fragment_coverage_to_color GL_NV_fragment_program GL_NV_fragment_program_option GL_NV_fragment_program2 GL_NV_fragment_shader_barycentric GL_NV_fragment_shader_interlock GL_NV_framebuffer_mixed_samples GL_NV_framebuffer_multisample_coverage GL_NV_geometry_shader4 GL_NV_geometry_sha
der_passthrough GL_NV_gpu_program4 GL_NV_internalformat_sample_query GL_NV_gpu_program4_1 GL_NV_gpu_program5 GL_NV_gpu_program5_mem_extended GL_NV_gpu_program_fp64 GL_NV_gpu_shader5 GL_NV_half_float GL_NV_light_max_exponent GL_NV_memory_attachment GL_NV_mesh_shader GL_NV_multisample_coverage GL_NV_multisample_filter_hint GL_NV_occlusion_query GL_NV_packed_depth_stencil GL_NV_parameter_buffer_object GL_NV_parameter_buffer_object2 GL_NV_path_rendering GL_NV_path_rendering_shared_edge GL_NV_pixel_data_range GL_NV_point_sprite GL_NV_primitive_restart GL_NV_query_resource GL_NV_query_resource_tag GL_NV_register_combiners GL_NV_register_combiners2 GL_NV_representative_fragment_test GL_NV_sample_locations GL_NV_sample_mask_override_coverage GL_NV_scissor_exclusive GL_NV_shader_atomic_counters GL_NV_shader_atomic_float GL_NV_shader_atomic_float64 GL_NV_shader_atomic_fp16_vector GL_NV_shader_atomic_int64 GL_NV_shader_buffer_load GL_NV_shader_storage_buffer_object GL_NV_shader_subgroup_partitioned GL_NV_shader_texture
_footprint GL_NV_shading_rate_image GL_NV_stereo_view_rendering GL_NV_texgen_reflection GL_NV_texture_barrier GL_NV_texture_compression_vtc GL_NV_texture_env_combine4 GL_NV_texture_multisample GL_NV_texture_rectangle GL_NV_texture_rectangle_compressed GL_NV_texture_shader GL_NV_texture_shader2 GL_NV_texture_shader3 GL_NV_transform_feedback GL_NV_transform_feedback2 GL_NV_uniform_buffer_unified_memory GL_NV_vdpau_interop GL_NV_vdpau_interop2 GL_NV_vertex_array_range GL_NV_vertex_array_range2 GL_NV_vertex_attrib_integer_64bit GL_NV_vertex_buffer_unified_memory GL_NV_vertex_program GL_NV_vertex_program1_1 GL_NV_vertex_program2 GL_NV_vertex_program2_option GL_NV_vertex_program3 GL_NV_viewport_array2 GL_NV_viewport_swizzle GL_NVX_conditional_render GL_NV_gpu_multicast GL_NVX_progress_fence GL_NVX_gpu_memory_info GL_NVX_nvenc_interop GL_NV_shader_thread_group GL_NV_shader_thread_shuffle GL_KHR_blend_equation_advanced GL_KHR_blend_equation_advanced_coherent GL_OVR_multiview GL_OVR_multiview2 GL_SGIS_generate_mipmap
 GL_SGIS_texture_lod GL_SGIX_depth_texture GL_SGIX_shadow GL_SUN_slice_accum
OPENGL LOG: Creating OpenGL 4.5 graphics device ; Context level  <OpenGL 4.5> ; Context handle 828016952
Shader 'Universal Render Pipeline/Particles/Lit': fallback shader 'Universal Render Pipeline/Particles/SimpleLit' not found
Initialize mono
Mono path[0] = '/home/crisco/Unity/Hub/Editor/2020.2.1f1/Editor/Data/Managed'
Mono path[1] = '/home/crisco/Unity/Hub/Editor/2020.2.1f1/Editor/Data/MonoBleedingEdge/lib/mono/unityjit'
Mono config path = '/home/crisco/Unity/Hub/Editor/2020.2.1f1/Editor/Data/MonoBleedingEdge/etc'
Using monoOptions --debugger-agent=transport=dt_socket,embedding=1,server=y,suspend=n,address=127.0.0.1:56544
Begin MonoManager ReloadAssembly
Registering precompiled unity dll's ...
Register platform support module: /home/crisco/Unity/Hub/Editor/2020.2.1f1/Editor/Data/PlaybackEngines/LinuxStandaloneSupport/UnityEditor.LinuxStandalone.Extensions.dll
Registered in 0.000709 seconds.
Native extension for LinuxStandalone target not found
Refreshing native plugins compatible for Editor in 33.88 ms, found 0 plugins.
Preloading 0 native plugins for Editor in 0.00 ms.
Invoked RoslynAnalysisRunner static constructor.
RoslynAnalysisRunner will not be running.
RoslynAnalysisRunner has terminated.
Mono: successfully reloaded assembly
- Completed reload, in  0.613 seconds
Platform modules already initialized, skipping
Registering precompiled user dll's ...
Registered in 0.000587 seconds.
Begin MonoManager ReloadAssembly
Native extension for LinuxStandalone target not found
Refreshing native plugins compatible for Editor in 34.59 ms, found 0 plugins.
Preloading 0 native plugins for Editor in 0.00 ms.
Invoked RoslynAnalysisRunner static constructor.
RoslynAnalysisRunner will not be running.
RoslynAnalysisRunner has terminated.
Mono: successfully reloaded assembly
- Completed reload, in  0.674 seconds
Platform modules already initialized, skipping
========================================================================
Worker process is ready to serve import requests
Shader 'Universal Render Pipeline/Particles/Lit': fallback shader 'Universal Render Pipeline/Particles/SimpleLit' not found
Launched and connected shader compiler UnityShaderCompiler after 0.01 seconds
Refreshing native plugins compatible for Editor in 0.35 ms, found 0 plugins.
Preloading 0 native plugins for Editor in 0.00 ms.
Unloading 2534 Unused Serialized files (Serialized files now loaded: 0)
System memory in use before: 113.5 MB.
System memory in use after: 113.7 MB.

Unloading 10 unused Assets to reduce memory usage. Loaded Objects now: 2984.
Total: 2.599155 ms (FindLiveObjects: 0.328645 ms CreateObjectMapping: 0.172548 ms MarkObjects: 1.993418 ms  DeleteObjects: 0.103295 ms)

========================================================================
Received Import Request.
  path: Assets/Shaders/orange-graph.shadergraph
  artifactKey: Guid(ce005b20acd18c64fb1cfe911d9ff3a8) Importer(815301076,1909f56bfc062723c751e8b465ee728b)
Start importing Assets/Shaders/orange-graph.shadergraph using Guid(ce005b20acd18c64fb1cfe911d9ff3a8) Importer(815301076,1909f56bfc062723c751e8b465ee728b)  -> (artifact id: '0d40f5477cf0c1c8bfd9b56af403f29d') in 0.011376 seconds
  Import took 0.014881 seconds .

========================================================================
Received Import Request.
  Time since last request: 293.574062 seconds.
  path: Assets/Shaders/orange-grid.shadergraph
  artifactKey: Guid(8f9a42967fb670adab622beaebc8ed10) Importer(815301076,1909f56bfc062723c751e8b465ee728b)
Start importing Assets/Shaders/orange-grid.shadergraph using Guid(8f9a42967fb670adab622beaebc8ed10) Importer(815301076,1909f56bfc062723c751e8b465ee728b)  -> (artifact id: 'f045f7385656c7e1e7761a6fccdd0d0f') in 0.001767 seconds
  Import took 0.005147 seconds .

========================================================================
Received Import Request.
  Time since last request: 55.415071 seconds.
  path: Assets/Shaders/orange-grid.shadergraph
  artifactKey: Guid(8f9a42967fb670adab622beaebc8ed10) Importer(815301076,1909f56bfc062723c751e8b465ee728b)
Start importing Assets/Shaders/orange-grid.shadergraph using Guid(8f9a42967fb670adab622beaebc8ed10) Importer(815301076,1909f56bfc062723c751e8b465ee728b)  -> (artifact id: '1584d0562f855a4aec713800b17f355b') in 0.001522 seconds
  Import took 0.004570 seconds .

========================================================================
Received Import Request.
  Time since last request: 20.178624 seconds.
  path: Assets/Shaders/Shader Graphs_orange-grid.mat
  artifactKey: Guid(8c5e8485a20d2749a928e97cbf6d9bf9) Importer(815301076,1909f56bfc062723c751e8b465ee728b)
Start importing Assets/Shaders/Shader Graphs_orange-grid.mat using Guid(8c5e8485a20d2749a928e97cbf6d9bf9) Importer(815301076,1909f56bfc062723c751e8b465ee728b)  -> (artifact id: '584783632bd7ef742516f93315be4c35') in 0.171664 seconds
  Import took 0.175171 seconds .

========================================================================
Received Import Request.
  Time since last request: 31.734650 seconds.
  path: Assets/Shaders/orange-grid.shadergraph
  artifactKey: Guid(8f9a42967fb670adab622beaebc8ed10) Importer(815301076,1909f56bfc062723c751e8b465ee728b)
Start importing Assets/Shaders/orange-grid.shadergraph using Guid(8f9a42967fb670adab622beaebc8ed10) Importer(815301076,1909f56bfc062723c751e8b465ee728b)  -> (artifact id: '9d186f3212065460115ca572257798ae') in 0.001542 seconds
  Import took 0.004617 seconds .

========================================================================
Received Import Request.
  Time since last request: 12.391967 seconds.
  path: Assets/Shaders/ORANGE.mat
  artifactKey: Guid(7fce9746cdf6cc108bab39a111c9a379) Importer(815301076,1909f56bfc062723c751e8b465ee728b)
Start importing Assets/Shaders/ORANGE.mat using Guid(7fce9746cdf6cc108bab39a111c9a379) Importer(815301076,1909f56bfc062723c751e8b465ee728b)  -> (artifact id: '838bb3f5d0a65961faabb04704aa11c9') in 0.030533 seconds
  Import took 0.033860 seconds .

========================================================================
Received Import Request.
  Time since last request: 225.423766 seconds.
  path: Assets/Shaders/cyan-graph.shadergraph
  artifactKey: Guid(1e3bf7092cde5f259af4abaecf45d387) Importer(815301076,1909f56bfc062723c751e8b465ee728b)
Start importing Assets/Shaders/cyan-graph.shadergraph using Guid(1e3bf7092cde5f259af4abaecf45d387) Importer(815301076,1909f56bfc062723c751e8b465ee728b)  -> (artifact id: 'e86b792c8c7d1b943988996efdac69de') in 0.002359 seconds
  Import took 0.006411 seconds .

========================================================================
Received Import Request.
  Time since last request: 0.241692 seconds.
  path: Assets/Shaders/cyan-graph.shadergraph
  artifactKey: Guid(1e3bf7092cde5f259af4abaecf45d387) Importer(815301076,1909f56bfc062723c751e8b465ee728b)
Start importing Assets/Shaders/cyan-graph.shadergraph using Guid(1e3bf7092cde5f259af4abaecf45d387) Importer(815301076,1909f56bfc062723c751e8b465ee728b)  -> (artifact id: 'e86b792c8c7d1b943988996efdac69de') in 0.001364 seconds
  Import took 0.004699 seconds .

========================================================================
Received Import Request.
  Time since last request: 29.391363 seconds.
  path: Assets/Shaders/cyan-graph.shadergraph
  artifactKey: Guid(1e3bf7092cde5f259af4abaecf45d387) Importer(815301076,1909f56bfc062723c751e8b465ee728b)
Start importing Assets/Shaders/cyan-graph.shadergraph using Guid(1e3bf7092cde5f259af4abaecf45d387) Importer(815301076,1909f56bfc062723c751e8b465ee728b)  -> (artifact id: 'c336611dbda4ce98f3dc52f7880d7b5b') in 0.001508 seconds
  Import took 0.004548 seconds .

========================================================================
Received Import Request.
  Time since last request: 11.039302 seconds.
  path: Assets/Shaders/CYAN.mat
  artifactKey: Guid(43565c7f54f176b41867b67a64ecba2d) Importer(815301076,1909f56bfc062723c751e8b465ee728b)
Start importing Assets/Shaders/CYAN.mat using Guid(43565c7f54f176b41867b67a64ecba2d) Importer(815301076,1909f56bfc062723c751e8b465ee728b)  -> (artifact id: 'b2696138021aafe42dcbe7a07cb9ec56') in 0.030445 seconds
  Import took 0.033861 seconds .

========================================================================
Received Import Request.
  Time since last request: 136.567953 seconds.
  path: Assets/Shaders/BLOCK_GRIDS.mat
  artifactKey: Guid(a9f23a1109e6df3b586fcb95c38bd386) Importer(815301076,1909f56bfc062723c751e8b465ee728b)
Start importing Assets/Shaders/BLOCK_GRIDS.mat using Guid(a9f23a1109e6df3b586fcb95c38bd386) Importer(815301076,1909f56bfc062723c751e8b465ee728b)  -> (artifact id: '69d9fccb0dd9e5bc3ef65b5fabc36789') in 0.006662 seconds
  Import took 0.009835 seconds .

========================================================================
Received Import Request.
  Time since last request: 23.577647 seconds.
  path: ProjectSettings/TagManager.asset
  artifactKey: Guid(00000000000000003000000000000000) Importer(815301076,1909f56bfc062723c751e8b465ee728b)
Start importing ProjectSettings/TagManager.asset using Guid(00000000000000003000000000000000) Importer(815301076,1909f56bfc062723c751e8b465ee728b)  -> (artifact id: '6ab3d14f223d0f9da8db9f8a33c67af1') in 0.000748 seconds
  Import took 0.003792 seconds .

========================================================================
Received Import Request.
  Time since last request: 0.017189 seconds.
  path: ProjectSettings/TagManager.asset
  artifactKey: Guid(00000000000000003000000000000000) Importer(815301076,1909f56bfc062723c751e8b465ee728b)
Start importing ProjectSettings/TagManager.asset using Guid(00000000000000003000000000000000) Importer(815301076,1909f56bfc062723c751e8b465ee728b)  -> (artifact id: '6ab3d14f223d0f9da8db9f8a33c67af1') in 0.000673 seconds
  Import took 0.003664 seconds .

========================================================================
Received Import Request.
  Time since last request: 470.693618 seconds.
  path: Assets/Shaders/cy.mat
  artifactKey: Guid(c3a147834fa0baa92a2cecdb4c612b44) Importer(815301076,1909f56bfc062723c751e8b465ee728b)
Start importing Assets/Shaders/cy.mat using Guid(c3a147834fa0baa92a2cecdb4c612b44) Importer(815301076,1909f56bfc062723c751e8b465ee728b)  -> (artifact id: '395526f401813c753901da5129cd82dc') in 0.011110 seconds
  Import took 0.014401 seconds .

========================================================================
Received Import Request.
  Time since last request: 86.276934 seconds.
  path: Assets/Shaders/CYAN.mat
  artifactKey: Guid(43565c7f54f176b41867b67a64ecba2d) Importer(815301076,1909f56bfc062723c751e8b465ee728b)
Start importing Assets/Shaders/CYAN.mat using Guid(43565c7f54f176b41867b67a64ecba2d) Importer(815301076,1909f56bfc062723c751e8b465ee728b)  -> (artifact id: '7c8b86d66a545017e681f6b3b5e2ad27') in 0.007938 seconds
  Import took 0.011334 seconds .

========================================================================
Received Prepare
Registering precompiled user dll's ...
Registered in 0.000595 seconds.
Begin MonoManager ReloadAssembly
Native extension for LinuxStandalone target not found
Refreshing native plugins compatible for Editor in 0.35 ms, found 0 plugins.
Preloading 0 native plugins for Editor in 0.00 ms.
Invoked RoslynAnalysisRunner static constructor.
RoslynAnalysisRunner will not be running.
RoslynAnalysisRunner has terminated.
Mono: successfully reloaded assembly
- Completed reload, in  0.652 seconds
Platform modules already initialized, skipping
Shader 'Universal Render Pipeline/Particles/Lit': fallback shader 'Universal Render Pipeline/Particles/SimpleLit' not found
Refreshing native plugins compatible for Editor in 0.34 ms, found 0 plugins.
Preloading 0 native plugins for Editor in 0.00 ms.
Unloading 2421 Unused Serialized files (Serialized files now loaded: 0)
System memory in use before: 112.6 MB.
System memory in use after: 112.8 MB.

Unloading 7 unused Assets to reduce memory usage. Loaded Objects now: 3066.
Total: 2.331783 ms (FindLiveObjects: 0.240286 ms CreateObjectMapping: 0.100494 ms MarkObjects: 1.948676 ms  DeleteObjects: 0.041352 ms)

========================================================================
Received Import Request.
  Time since last request: 282.885668 seconds.
  path: Assets/Shaders/BLU-GRID.shadergraph
  artifactKey: Guid(b58525d768295076f8a6120464b17e21) Importer(815301076,1909f56bfc062723c751e8b465ee728b)
Start importing Assets/Shaders/BLU-GRID.shadergraph using Guid(b58525d768295076f8a6120464b17e21) Importer(815301076,1909f56bfc062723c751e8b465ee728b)  -> (artifact id: '9dad0dd1b94a09a80a82ce1d12a2a1e6') in 0.014848 seconds
  Import took 0.019451 seconds .

========================================================================
Received Import Request.
  Time since last request: 26.642117 seconds.
  path: Assets/Shaders/BLU-GRID.shadergraph
  artifactKey: Guid(b58525d768295076f8a6120464b17e21) Importer(815301076,1909f56bfc062723c751e8b465ee728b)
Start importing Assets/Shaders/BLU-GRID.shadergraph using Guid(b58525d768295076f8a6120464b17e21) Importer(815301076,1909f56bfc062723c751e8b465ee728b)  -> (artifact id: 'ce15f02779f1be2ca570e3e0ad72d5d4') in 0.001550 seconds
  Import took 0.004694 seconds .

========================================================================
Received Import Request.
  Time since last request: 9.988953 seconds.
  path: Assets/Shaders/BLUE.mat
  artifactKey: Guid(d2996cbd914c657a792f434f756f2d4a) Importer(815301076,1909f56bfc062723c751e8b465ee728b)
Start importing Assets/Shaders/BLUE.mat using Guid(d2996cbd914c657a792f434f756f2d4a) Importer(815301076,1909f56bfc062723c751e8b465ee728b)  -> (artifact id: '585439bcd4c1cf574e74549c1a19eff6') in 0.142617 seconds
  Import took 0.145889 seconds .

========================================================================
Received Prepare
Registering precompiled user dll's ...
Registered in 0.000775 seconds.
Begin MonoManager ReloadAssembly
Native extension for LinuxStandalone target not found
Refreshing native plugins compatible for Editor in 0.34 ms, found 0 plugins.
Preloading 0 native plugins for Editor in 0.00 ms.
Invoked RoslynAnalysisRunner static constructor.
RoslynAnalysisRunner will not be running.
RoslynAnalysisRunner has terminated.
Mono: successfully reloaded assembly
- Completed reload, in  0.626 seconds
Platform modules already initialized, skipping
Shader 'Universal Render Pipeline/Particles/Lit': fallback shader 'Universal Render Pipeline/Particles/SimpleLit' not found
Refreshing native plugins compatible for Editor in 0.34 ms, found 0 plugins.
Preloading 0 native plugins for Editor in 0.00 ms.
Unloading 2420 Unused Serialized files (Serialized files now loaded: 0)
System memory in use before: 113.0 MB.
System memory in use after: 113.2 MB.

Unloading 5 unused Assets to reduce memory usage. Loaded Objects now: 3105.
Total: 2.438408 ms (FindLiveObjects: 0.318158 ms CreateObjectMapping: 0.147868 ms MarkObjects: 1.947231 ms  DeleteObjects: 0.023983 ms)

========================================================================
Received Import Request.
  Time since last request: 828.145261 seconds.
  path: Assets/Shaders/BLOCK_GRIDS.mat
  artifactKey: Guid(a9f23a1109e6df3b586fcb95c38bd386) Importer(815301076,1909f56bfc062723c751e8b465ee728b)
Start importing Assets/Shaders/BLOCK_GRIDS.mat using Guid(a9f23a1109e6df3b586fcb95c38bd386) Importer(815301076,1909f56bfc062723c751e8b465ee728b)  -> (artifact id: '4ce2415c819eeeee644effe9291eaa69') in 0.122901 seconds
  Import took 0.126190 seconds .

========================================================================
Received Prepare
Registering precompiled user dll's ...
Registered in 0.000701 seconds.
Begin MonoManager ReloadAssembly
Native extension for LinuxStandalone target not found
Refreshing native plugins compatible for Editor in 0.37 ms, found 0 plugins.
Preloading 0 native plugins for Editor in 0.00 ms.
Invoked RoslynAnalysisRunner static constructor.
RoslynAnalysisRunner will not be running.
RoslynAnalysisRunner has terminated.
Mono: successfully reloaded assembly
- Completed reload, in  0.622 seconds
Platform modules already initialized, skipping
Shader 'Universal Render Pipeline/Particles/Lit': fallback shader 'Universal Render Pipeline/Particles/SimpleLit' not found
Refreshing native plugins compatible for Editor in 0.34 ms, found 0 plugins.
Preloading 0 native plugins for Editor in 0.00 ms.
Unloading 2419 Unused Serialized files (Serialized files now loaded: 0)
System memory in use before: 113.0 MB.
System memory in use after: 113.2 MB.

Unloading 5 unused Assets to reduce memory usage. Loaded Objects now: 3143.
Total: 2.272500 ms (FindLiveObjects: 0.238980 ms CreateObjectMapping: 0.089816 ms MarkObjects: 1.920387 ms  DeleteObjects: 0.022400 ms)

========================================================================
Received Import Request.
  Time since last request: 240.690997 seconds.
  path: Assets/Shaders/Green_Grid.shadergraph
  artifactKey: Guid(d45bb2e3704ab950692ab0c2e6f4f221) Importer(815301076,1909f56bfc062723c751e8b465ee728b)
Start importing Assets/Shaders/Green_Grid.shadergraph using Guid(d45bb2e3704ab950692ab0c2e6f4f221) Importer(815301076,1909f56bfc062723c751e8b465ee728b)  -> (artifact id: '6bb634975fef03ca75ca77b22e82a1c7') in 0.010299 seconds
  Import took 0.013611 seconds .

========================================================================
Received Import Request.
  Time since last request: 0.005936 seconds.
  path: Assets/Shaders/Green_Grid.shadergraph
  artifactKey: Guid(d45bb2e3704ab950692ab0c2e6f4f221) Importer(815301076,1909f56bfc062723c751e8b465ee728b)
Start importing Assets/Shaders/Green_Grid.shadergraph using Guid(d45bb2e3704ab950692ab0c2e6f4f221) Importer(815301076,1909f56bfc062723c751e8b465ee728b)  -> (artifact id: '6bb634975fef03ca75ca77b22e82a1c7') in 0.001353 seconds
  Import took 0.004527 seconds .

========================================================================
Received Import Request.
  Time since last request: 15.485636 seconds.
  path: Assets/Shaders/Green_Grid.shadergraph
  artifactKey: Guid(d45bb2e3704ab950692ab0c2e6f4f221) Importer(815301076,1909f56bfc062723c751e8b465ee728b)
Start importing Assets/Shaders/Green_Grid.shadergraph using Guid(d45bb2e3704ab950692ab0c2e6f4f221) Importer(815301076,1909f56bfc062723c751e8b465ee728b)  -> (artifact id: 'b58cdd0dd95cd62456dd300706d9852d') in 0.001566 seconds
  Import took 0.004641 seconds .

========================================================================
Received Import Request.
  Time since last request: 13.359541 seconds.
  path: Assets/Shaders/GREEN.mat
  artifactKey: Guid(40e7c30577dabfcdc86e5cdab4d0b1cb) Importer(815301076,1909f56bfc062723c751e8b465ee728b)
Start importing Assets/Shaders/GREEN.mat using Guid(40e7c30577dabfcdc86e5cdab4d0b1cb) Importer(815301076,1909f56bfc062723c751e8b465ee728b)  -> (artifact id: '3a037e69cdebd40a26fc2b288bf8a60c') in 0.138403 seconds
  Import took 0.141733 seconds .

========================================================================
Received Import Request.
  Time since last request: 364.526150 seconds.
  path: Assets/Scripts/Projectiles/CannonShooter.cs
  artifactKey: Guid(c610af4f51b882129935bb2222d610be) Importer(815301076,1909f56bfc062723c751e8b465ee728b)
Start importing Assets/Scripts/Projectiles/CannonShooter.cs using Guid(c610af4f51b882129935bb2222d610be) Importer(815301076,1909f56bfc062723c751e8b465ee728b)  -> (artifact id: 'a22bf8d4b00e86d99fc5d7a59a59cf32') in 0.000498 seconds
  Import took 0.003586 seconds .

========================================================================
Received Import Request.
  Time since last request: 0.002351 seconds.
  path: Assets/Scripts/Projectiles/CannonShooter.cs
  artifactKey: Guid(c610af4f51b882129935bb2222d610be) Importer(815301076,1909f56bfc062723c751e8b465ee728b)
Start importing Assets/Scripts/Projectiles/CannonShooter.cs using Guid(c610af4f51b882129935bb2222d610be) Importer(815301076,1909f56bfc062723c751e8b465ee728b)  -> (artifact id: 'a22bf8d4b00e86d99fc5d7a59a59cf32') in 0.000412 seconds
  Import took 0.003276 seconds .

========================================================================
Received Prepare
Registering precompiled user dll's ...
Registered in 0.000692 seconds.
Begin MonoManager ReloadAssembly
Native extension for LinuxStandalone target not found
Refreshing native plugins compatible for Editor in 0.34 ms, found 0 plugins.
Preloading 0 native plugins for Editor in 0.00 ms.
Invoked RoslynAnalysisRunner static constructor.
RoslynAnalysisRunner will not be running.
RoslynAnalysisRunner has terminated.
Mono: successfully reloaded assembly
- Completed reload, in  0.633 seconds
Platform modules already initialized, skipping
Shader 'Universal Render Pipeline/Particles/Lit': fallback shader 'Universal Render Pipeline/Particles/SimpleLit' not found
Refreshing native plugins compatible for Editor in 0.34 ms, found 0 plugins.
Preloading 0 native plugins for Editor in 0.00 ms.
Unloading 2420 Unused Serialized files (Serialized files now loaded: 0)
System memory in use before: 113.5 MB.
System memory in use after: 113.7 MB.

Unloading 5 unused Assets to reduce memory usage. Loaded Objects now: 3182.
Total: 2.393718 ms (FindLiveObjects: 0.243673 ms CreateObjectMapping: 0.104347 ms MarkObjects: 2.019792 ms  DeleteObjects: 0.025104 ms)

========================================================================
Received Import Request.
  Time since last request: 33.844164 seconds.
  path: Assets/Scripts/Player/Player.cs
  artifactKey: Guid(5acd29512c27d58bc815aebd32d99f0f) Importer(815301076,1909f56bfc062723c751e8b465ee728b)
Start importing Assets/Scripts/Player/Player.cs using Guid(5acd29512c27d58bc815aebd32d99f0f) Importer(815301076,1909f56bfc062723c751e8b465ee728b)  -> (artifact id: '6b11370ab3ff9386985a02915092b247') in 0.004082 seconds
  Import took 0.008278 seconds .

========================================================================
Received Prepare
Registering precompiled user dll's ...
Registered in 0.000655 seconds.
Begin MonoManager ReloadAssembly
Native extension for LinuxStandalone target not found
Refreshing native plugins compatible for Editor in 0.35 ms, found 0 plugins.
Preloading 0 native plugins for Editor in 0.00 ms.
Invoked RoslynAnalysisRunner static constructor.
RoslynAnalysisRunner will not be running.
RoslynAnalysisRunner has terminated.
Mono: successfully reloaded assembly
- Completed reload, in  0.625 seconds
Platform modules already initialized, skipping
Shader 'Universal Render Pipeline/Particles/Lit': fallback shader 'Universal Render Pipeline/Particles/SimpleLit' not found
Refreshing native plugins compatible for Editor in 0.36 ms, found 0 plugins.
Preloading 0 native plugins for Editor in 0.00 ms.
Unloading 2419 Unused Serialized files (Serialized files now loaded: 0)
System memory in use before: 113.3 MB.
System memory in use after: 113.5 MB.

Unloading 5 unused Assets to reduce memory usage. Loaded Objects now: 3184.
Total: 2.345419 ms (FindLiveObjects: 0.259362 ms CreateObjectMapping: 0.095467 ms MarkObjects: 1.966354 ms  DeleteObjects: 0.022888 ms)

========================================================================
Received Prepare
Registering precompiled user dll's ...
Registered in 0.000695 seconds.
Begin MonoManager ReloadAssembly
Native extension for LinuxStandalone target not found
Refreshing native plugins compatible for Editor in 0.35 ms, found 0 plugins.
Preloading 0 native plugins for Editor in 0.00 ms.
Invoked RoslynAnalysisRunner static constructor.
RoslynAnalysisRunner will not be running.
RoslynAnalysisRunner has terminated.
Mono: successfully reloaded assembly
- Completed reload, in  0.630 seconds
Platform modules already initialized, skipping
Shader 'Universal Render Pipeline/Particles/Lit': fallback shader 'Universal Render Pipeline/Particles/SimpleLit' not found
Refreshing native plugins compatible for Editor in 0.35 ms, found 0 plugins.
Preloading 0 native plugins for Editor in 0.00 ms.
Unloading 2419 Unused Serialized files (Serialized files now loaded: 0)
System memory in use before: 113.4 MB.
System memory in use after: 113.6 MB.

Unloading 5 unused Assets to reduce memory usage. Loaded Objects now: 3186.
Total: 2.580860 ms (FindLiveObjects: 0.330635 ms CreateObjectMapping: 0.126510 ms MarkObjects: 2.096879 ms  DeleteObjects: 0.025885 ms)

========================================================================
Received Prepare
Registering precompiled user dll's ...
Registered in 0.000644 seconds.
Begin MonoManager ReloadAssembly
Native extension for LinuxStandalone target not found
Refreshing native plugins compatible for Editor in 0.35 ms, found 0 plugins.
Preloading 0 native plugins for Editor in 0.00 ms.
Invoked RoslynAnalysisRunner static constructor.
RoslynAnalysisRunner will not be running.
RoslynAnalysisRunner has terminated.
Mono: successfully reloaded assembly
- Completed reload, in  0.624 seconds
Platform modules already initialized, skipping
Shader 'Universal Render Pipeline/Particles/Lit': fallback shader 'Universal Render Pipeline/Particles/SimpleLit' not found
Refreshing native plugins compatible for Editor in 0.34 ms, found 0 plugins.
Preloading 0 native plugins for Editor in 0.00 ms.
Unloading 2419 Unused Serialized files (Serialized files now loaded: 0)
System memory in use before: 113.4 MB.
System memory in use after: 113.6 MB.

Unloading 5 unused Assets to reduce memory usage. Loaded Objects now: 3188.
Total: 2.351975 ms (FindLiveObjects: 0.248040 ms CreateObjectMapping: 0.086392 ms MarkObjects: 1.994402 ms  DeleteObjects: 0.022166 ms)

========================================================================
Received Import Request.
  Time since last request: 1722.738382 seconds.
  path: Assets/Prefabs/GUN/Sci Fi Gun Light/Bullet/Bulet Color.mat
  artifactKey: Guid(b24d380ec5f60514da28f61ef6171131) Importer(815301076,1909f56bfc062723c751e8b465ee728b)
Start importing Assets/Prefabs/GUN/Sci Fi Gun Light/Bullet/Bulet Color.mat using Guid(b24d380ec5f60514da28f61ef6171131) Importer(815301076,1909f56bfc062723c751e8b465ee728b)  -> (artifact id: 'ec66c7057806c8c5e0f3c9f8babe5fde') in 0.156495 seconds
  Import took 0.159927 seconds .

========================================================================
Received Import Request.
  Time since last request: 0.000162 seconds.
  path: Assets/Materials/Materials/unnamed (1).mat
  artifactKey: Guid(dc1670d9596308354ae4bdd58a24a195) Importer(815301076,1909f56bfc062723c751e8b465ee728b)
Start importing Assets/Materials/Materials/unnamed (1).mat using Guid(dc1670d9596308354ae4bdd58a24a195) Importer(815301076,1909f56bfc062723c751e8b465ee728b)  -> (artifact id: 'da9307a7b10ef0d3bd9efc213cb3e3c7') in 0.030638 seconds
  Import took 0.033701 seconds .

========================================================================
Received Import Request.
  Time since last request: 0.000124 seconds.
  path: Assets/Prefabs/GUN/Sci Fi Gun Light/_materials/GunTwo/GunTwoBlue.mat
  artifactKey: Guid(5c7176cef124e1a4793b448ed91b74e1) Importer(815301076,1909f56bfc062723c751e8b465ee728b)
Start importing Assets/Prefabs/GUN/Sci Fi Gun Light/_materials/GunTwo/GunTwoBlue.mat using Guid(5c7176cef124e1a4793b448ed91b74e1) Importer(815301076,1909f56bfc062723c751e8b465ee728b)  -> (artifact id: '17bf553cae7a2f22fe69a09b030ee798') in 0.153893 seconds
  Import took 0.157114 seconds .

========================================================================
Received Import Request.
  Time since last request: 0.000178 seconds.
  path: Assets/Materials/Materials/unnamed.mat
  artifactKey: Guid(26314d074ec793a388a24d592deb6d6b) Importer(815301076,1909f56bfc062723c751e8b465ee728b)
Start importing Assets/Materials/Materials/unnamed.mat using Guid(26314d074ec793a388a24d592deb6d6b) Importer(815301076,1909f56bfc062723c751e8b465ee728b)  -> (artifact id: 'cd32be59c3d6753f8c1ed9833e2000a8') in 0.006987 seconds
  Import took 0.009889 seconds .

========================================================================
Received Import Request.
  Time since last request: 0.000121 seconds.
  path: Assets/Materials/Materials/Extraordinary-Metal-wall-texture.mat
  artifactKey: Guid(f683fa0f8097023b9bebfe19986b2779) Importer(815301076,1909f56bfc062723c751e8b465ee728b)
Start importing Assets/Materials/Materials/Extraordinary-Metal-wall-texture.mat using Guid(f683fa0f8097023b9bebfe19986b2779) Importer(815301076,1909f56bfc062723c751e8b465ee728b)  -> (artifact id: '0fe35e14da20d5e94aba45e5deb2ab80') in 0.028646 seconds
  Import took 0.031685 seconds .

========================================================================
Received Import Request.
  Time since last request: 0.000120 seconds.
  path: Assets/Materials/Materials/istockphoto-991138276-612x612 (1) 1.mat
  artifactKey: Guid(22d44da098e4ba19086b1dad6ef1a5cf) Importer(815301076,1909f56bfc062723c751e8b465ee728b)
Start importing Assets/Materials/Materials/istockphoto-991138276-612x612 (1) 1.mat using Guid(22d44da098e4ba19086b1dad6ef1a5cf) Importer(815301076,1909f56bfc062723c751e8b465ee728b)  -> (artifact id: 'c48efe8092128f02e96446112ffb684e') in 0.003890 seconds
  Import took 0.006829 seconds .

========================================================================
Received Import Request.
  Time since last request: 0.000147 seconds.
  path: Assets/Prefabs/GUN/Sci Fi Gun Light/Bullet/Bulet Color.mat
  artifactKey: Guid(b24d380ec5f60514da28f61ef6171131) Importer(815301076,1909f56bfc062723c751e8b465ee728b)
Start importing Assets/Prefabs/GUN/Sci Fi Gun Light/Bullet/Bulet Color.mat using Guid(b24d380ec5f60514da28f61ef6171131) Importer(815301076,1909f56bfc062723c751e8b465ee728b)  -> (artifact id: 'ec66c7057806c8c5e0f3c9f8babe5fde') in 0.009790 seconds
  Import took 0.012696 seconds .

========================================================================
Received Import Request.
  Time since last request: 0.000143 seconds.
  path: Assets/Prefabs/GUN/Sci Fi Gun Light/_textures/GunTwo/Materials/GunTwo_Emission2.mat
  artifactKey: Guid(617755849bd5509058bcb65dc228325b) Importer(815301076,1909f56bfc062723c751e8b465ee728b)
Start importing Assets/Prefabs/GUN/Sci Fi Gun Light/_textures/GunTwo/Materials/GunTwo_Emission2.mat using Guid(617755849bd5509058bcb65dc228325b) Importer(815301076,1909f56bfc062723c751e8b465ee728b)  -> (artifact id: '291b42c0af31188dd0f5073cfbada625') in 0.006048 seconds
  Import took 0.009092 seconds .

========================================================================
Received Import Request.
  Time since last request: 0.000126 seconds.
  path: Assets/Materials/Materials/istockphoto-991138276-612x612 (1).mat
  artifactKey: Guid(a65bcf2831dc98e9391ec62341c82c1c) Importer(815301076,1909f56bfc062723c751e8b465ee728b)
Start importing Assets/Materials/Materials/istockphoto-991138276-612x612 (1).mat using Guid(a65bcf2831dc98e9391ec62341c82c1c) Importer(815301076,1909f56bfc062723c751e8b465ee728b)  -> (artifact id: '0f39a83e3207e0258e56abcb021ba09e') in 0.006193 seconds
  Import took 0.009193 seconds .

========================================================================
Received Import Request.
  Time since last request: 0.000125 seconds.
  path: Assets/Materials/Materials/istockphoto-991138276-612x612.mat
  artifactKey: Guid(d5d79241b2368a51fb43fec474893688) Importer(815301076,1909f56bfc062723c751e8b465ee728b)
Start importing Assets/Materials/Materials/istockphoto-991138276-612x612.mat using Guid(d5d79241b2368a51fb43fec474893688) Importer(815301076,1909f56bfc062723c751e8b465ee728b)  -> (artifact id: 'a30695050c54025571b16a963ac4d988') in 0.014409 seconds
  Import took 0.017343 seconds .

========================================================================
Received Prepare
Registering precompiled user dll's ...
Registered in 0.000661 seconds.
Begin MonoManager ReloadAssembly
Native extension for LinuxStandalone target not found
Refreshing native plugins compatible for Editor in 0.36 ms, found 0 plugins.
Preloading 0 native plugins for Editor in 0.00 ms.
Invoked RoslynAnalysisRunner static constructor.
RoslynAnalysisRunner will not be running.
RoslynAnalysisRunner has terminated.
Mono: successfully reloaded assembly
- Completed reload, in  0.628 seconds
Platform modules already initialized, skipping
Shader 'Universal Render Pipeline/Particles/Lit': fallback shader 'Universal Render Pipeline/Particles/SimpleLit' not found
Refreshing native plugins compatible for Editor in 0.34 ms, found 0 plugins.
Preloading 0 native plugins for Editor in 0.00 ms.
Unloading 2419 Unused Serialized files (Serialized files now loaded: 0)
System memory in use before: 113.5 MB.
System memory in use after: 113.7 MB.

Unloading 5 unused Assets to reduce memory usage. Loaded Objects now: 3226.
Total: 2.410556 ms (FindLiveObjects: 0.232035 ms CreateObjectMapping: 0.087642 ms MarkObjects: 2.068545 ms  DeleteObjects: 0.021447 ms)

========================================================================
Received Import Request.
  Time since last request: 649.384129 seconds.
  path: Assets/Prefabs/Cannon.prefab
  artifactKey: Guid(513f77ee55578f91dabeb0c193f3e295) Importer(815301076,1909f56bfc062723c751e8b465ee728b)
Start importing Assets/Prefabs/Cannon.prefab using Guid(513f77ee55578f91dabeb0c193f3e295) Importer(815301076,1909f56bfc062723c751e8b465ee728b)  -> (artifact id: '914fbd44391910bb63974c8a9ccd83e5') in 0.135420 seconds
  Import took 0.140562 seconds .

========================================================================
Received Prepare
Registering precompiled user dll's ...
Registered in 0.000676 seconds.
Begin MonoManager ReloadAssembly
Native extension for LinuxStandalone target not found
Refreshing native plugins compatible for Editor in 0.35 ms, found 0 plugins.
Preloading 0 native plugins for Editor in 0.00 ms.
Invoked RoslynAnalysisRunner static constructor.
RoslynAnalysisRunner will not be running.
RoslynAnalysisRunner has terminated.
Mono: successfully reloaded assembly
- Completed reload, in  0.643 seconds
Platform modules already initialized, skipping
Shader 'Universal Render Pipeline/Particles/Lit': fallback shader 'Universal Render Pipeline/Particles/SimpleLit' not found
Refreshing native plugins compatible for Editor in 0.36 ms, found 0 plugins.
Preloading 0 native plugins for Editor in 0.00 ms.
Unloading 2419 Unused Serialized files (Serialized files now loaded: 0)
System memory in use before: 113.7 MB.
System memory in use after: 113.9 MB.

Unloading 5 unused Assets to reduce memory usage. Loaded Objects now: 3267.
Total: 2.577440 ms (FindLiveObjects: 0.292929 ms CreateObjectMapping: 0.104966 ms MarkObjects: 2.153350 ms  DeleteObjects: 0.024871 ms)

========================================================================
Received Prepare
Registering precompiled user dll's ...
Registered in 0.000710 seconds.
Begin MonoManager ReloadAssembly
Native extension for LinuxStandalone target not found
Refreshing native plugins compatible for Editor in 0.34 ms, found 0 plugins.
Preloading 0 native plugins for Editor in 0.00 ms.
Invoked RoslynAnalysisRunner static constructor.
RoslynAnalysisRunner will not be running.
RoslynAnalysisRunner has terminated.
Mono: successfully reloaded assembly
- Completed reload, in  0.629 seconds
Platform modules already initialized, skipping
Shader 'Universal Render Pipeline/Particles/Lit': fallback shader 'Universal Render Pipeline/Particles/SimpleLit' not found
Refreshing native plugins compatible for Editor in 0.35 ms, found 0 plugins.
Preloading 0 native plugins for Editor in 0.00 ms.
Unloading 2419 Unused Serialized files (Serialized files now loaded: 0)
System memory in use before: 113.6 MB.
System memory in use after: 113.8 MB.

Unloading 5 unused Assets to reduce memory usage. Loaded Objects now: 3269.
Total: 2.383374 ms (FindLiveObjects: 0.253284 ms CreateObjectMapping: 0.091720 ms MarkObjects: 2.015567 ms  DeleteObjects: 0.021784 ms)

========================================================================
Received Prepare
Shader 'Universal Render Pipeline/Particles/Lit': fallback shader 'Universal Render Pipeline/Particles/SimpleLit' not found
Refreshing native plugins compatible for Editor in 1.03 ms, found 0 plugins.
Preloading 0 native plugins for Editor in 0.00 ms.
Unloading 3 Unused Serialized files (Serialized files now loaded: 0)
System memory in use before: 64.9 MB.
System memory in use after: 65.1 MB.

Unloading 3 unused Assets to reduce memory usage. Loaded Objects now: 3269.
Total: 4.210073 ms (FindLiveObjects: 0.590460 ms CreateObjectMapping: 0.216666 ms MarkObjects: 3.346028 ms  DeleteObjects: 0.054269 ms)

