Using pre-set license
Desktop is 5760 x 2160 @ 60 Hz

 COMMAND LINE ARGUMENTS:
Unity
-adb2
-batchMode
-noUpm
-name
AssetImportWorker0
-projectPath
/home/crisco/Unity/427-Final-Project/427-Final-Project/Advanced_Movement_Demo
-logFile
Logs/AssetImportWorker0.log
-srvPort
36457
Successfully changed project path to: /home/crisco/Unity/427-Final-Project/427-Final-Project/Advanced_Movement_Demo
/home/crisco/Unity/427-Final-Project/427-Final-Project/Advanced_Movement_Demo
Using Asset Import Pipeline V2.
Refreshing native plugins compatible for Editor in 40.55 ms, found 0 plugins.
Preloading 0 native plugins for Editor in 0.00 ms.
Initialize engine version: 2020.2.1f1 (270dd8c3da1c)
[Subsystems] Discovering subsystems at path /home/crisco/Unity/Hub/Editor/2020.2.1f1/Editor/Data/Resources/UnitySubsystems
[Subsystems] Discovering subsystems at path /home/crisco/Unity/427-Final-Project/427-Final-Project/Advanced_Movement_Demo/Assets
GLX Extensions: GLX_EXT_visual_info GLX_EXT_visual_rating GLX_EXT_import_context GLX_SGIX_fbconfig GLX_SGIX_pbuffer GLX_SGI_video_sync GLX_SGI_swap_control GLX_EXT_swap_control GLX_EXT_swap_control_tear GLX_EXT_texture_from_pixmap GLX_EXT_buffer_age GLX_ARB_create_context GLX_ARB_create_context_profile GLX_EXT_create_context_es_profile GLX_EXT_create_context_es2_profile GLX_ARB_create_context_no_error GLX_ARB_create_context_robustness GLX_NV_delay_before_swap GLX_EXT_stereo_tree GLX_ARB_context_flush_control GLX_NV_robustness_video_memory_purge GLX_NV_multigpu_context GLX_ARB_multisample GLX_NV_float_buffer GLX_ARB_fbconfig_float GLX_EXT_framebuffer_sRGB GLX_NV_copy_image GLX_ARB_get_proc_address 
Renderer: GeForce RTX 2070 SUPER/PCIe/SSE2
Vendor:   NVIDIA Corporation
Version:  4.5.0 NVIDIA 460.39
GLES:     0
 GL_AMD_multi_draw_indirect GL_AMD_seamless_cubemap_per_texture GL_AMD_vertex_shader_viewport_index GL_AMD_vertex_shader_layer GL_ARB_arrays_of_arrays GL_ARB_base_instance GL_ARB_bindless_texture GL_ARB_blend_func_extended GL_ARB_buffer_storage GL_ARB_clear_buffer_object GL_ARB_clear_texture GL_ARB_clip_control GL_ARB_color_buffer_float GL_ARB_compressed_texture_pixel_storage GL_ARB_conservative_depth GL_ARB_compute_shader GL_ARB_compute_variable_group_size GL_ARB_conditional_render_inverted GL_ARB_copy_buffer GL_ARB_copy_image GL_ARB_cull_distance GL_ARB_debug_output GL_ARB_depth_buffer_float GL_ARB_depth_clamp GL_ARB_depth_texture GL_ARB_derivative_control GL_ARB_direct_state_access GL_ARB_draw_buffers GL_ARB_draw_buffers_blend GL_ARB_draw_indirect GL_ARB_draw_elements_base_vertex GL_ARB_draw_instanced GL_ARB_enhanced_layouts GL_ARB_ES2_compatibility GL_ARB_ES3_compatibility GL_ARB_ES3_1_compatibility GL_ARB_ES3_2_compatibility GL_ARB_explicit_attrib_location GL_ARB_explicit_uniform_location GL_ARB_fragmen
t_coord_conventions GL_ARB_fragment_layer_viewport GL_ARB_fragment_program GL_ARB_fragment_program_shadow GL_ARB_fragment_shader GL_ARB_fragment_shader_interlock GL_ARB_framebuffer_no_attachments GL_ARB_framebuffer_object GL_ARB_framebuffer_sRGB GL_ARB_geometry_shader4 GL_ARB_get_program_binary GL_ARB_get_texture_sub_image GL_ARB_gl_spirv GL_ARB_gpu_shader5 GL_ARB_gpu_shader_fp64 GL_ARB_gpu_shader_int64 GL_ARB_half_float_pixel GL_ARB_half_float_vertex GL_ARB_imaging GL_ARB_indirect_parameters GL_ARB_instanced_arrays GL_ARB_internalformat_query GL_ARB_internalformat_query2 GL_ARB_invalidate_subdata GL_ARB_map_buffer_alignment GL_ARB_map_buffer_range GL_ARB_multi_bind GL_ARB_multi_draw_indirect GL_ARB_multisample GL_ARB_multitexture GL_ARB_occlusion_query GL_ARB_occlusion_query2 GL_ARB_parallel_shader_compile GL_ARB_pipeline_statistics_query GL_ARB_pixel_buffer_object GL_ARB_point_parameters GL_ARB_point_sprite GL_ARB_polygon_offset_clamp GL_ARB_post_depth_coverage GL_ARB_program_interface_query GL_ARB_provoki
ng_vertex GL_ARB_query_buffer_object GL_ARB_robust_buffer_access_behavior GL_ARB_robustness GL_ARB_sample_locations GL_ARB_sample_shading GL_ARB_sampler_objects GL_ARB_seamless_cube_map GL_ARB_seamless_cubemap_per_texture GL_ARB_separate_shader_objects GL_ARB_shader_atomic_counter_ops GL_ARB_shader_atomic_counters GL_ARB_shader_ballot GL_ARB_shader_bit_encoding GL_ARB_shader_clock GL_ARB_shader_draw_parameters GL_ARB_shader_group_vote GL_ARB_shader_image_load_store GL_ARB_shader_image_size GL_ARB_shader_objects GL_ARB_shader_precision GL_ARB_shader_storage_buffer_object GL_ARB_shader_subroutine GL_ARB_shader_texture_image_samples GL_ARB_shader_texture_lod GL_ARB_shading_language_100 GL_ARB_shader_viewport_layer_array GL_ARB_shading_language_420pack GL_ARB_shading_language_include GL_ARB_shading_language_packing GL_ARB_shadow GL_ARB_sparse_buffer GL_ARB_sparse_texture GL_ARB_sparse_texture2 GL_ARB_sparse_texture_clamp GL_ARB_spirv_extensions GL_ARB_stencil_texturing GL_ARB_sync GL_ARB_tessellation_shader GL_A
RB_texture_barrier GL_ARB_texture_border_clamp GL_ARB_texture_buffer_object GL_ARB_texture_buffer_object_rgb32 GL_ARB_texture_buffer_range GL_ARB_texture_compression GL_ARB_texture_compression_bptc GL_ARB_texture_compression_rgtc GL_ARB_texture_cube_map GL_ARB_texture_cube_map_array GL_ARB_texture_env_add GL_ARB_texture_env_combine GL_ARB_texture_env_crossbar GL_ARB_texture_env_dot3 GL_ARB_texture_filter_anisotropic GL_ARB_texture_filter_minmax GL_ARB_texture_float GL_ARB_texture_gather GL_ARB_texture_mirror_clamp_to_edge GL_ARB_texture_mirrored_repeat GL_ARB_texture_multisample GL_ARB_texture_non_power_of_two GL_ARB_texture_query_levels GL_ARB_texture_query_lod GL_ARB_texture_rectangle GL_ARB_texture_rg GL_ARB_texture_rgb10_a2ui GL_ARB_texture_stencil8 GL_ARB_texture_storage GL_ARB_texture_storage_multisample GL_ARB_texture_swizzle GL_ARB_texture_view GL_ARB_timer_query GL_ARB_transform_feedback2 GL_ARB_transform_feedback3 GL_ARB_transform_feedback_instanced GL_ARB_transform_feedback_overflow_query GL_ARB_t
ranspose_matrix GL_ARB_uniform_buffer_object GL_ARB_vertex_array_bgra GL_ARB_vertex_array_object GL_ARB_vertex_attrib_64bit GL_ARB_vertex_attrib_binding GL_ARB_vertex_buffer_object GL_ARB_vertex_program GL_ARB_vertex_shader GL_ARB_vertex_type_10f_11f_11f_rev GL_ARB_vertex_type_2_10_10_10_rev GL_ARB_viewport_array GL_ARB_window_pos GL_ATI_draw_buffers GL_ATI_texture_float GL_ATI_texture_mirror_once GL_S3_s3tc GL_EXT_texture_env_add GL_EXT_abgr GL_EXT_bgra GL_EXT_bindable_uniform GL_EXT_blend_color GL_EXT_blend_equation_separate GL_EXT_blend_func_separate GL_EXT_blend_minmax GL_EXT_blend_subtract GL_EXT_compiled_vertex_array GL_EXT_Cg_shader GL_EXT_depth_bounds_test GL_EXT_direct_state_access GL_EXT_draw_buffers2 GL_EXT_draw_instanced GL_EXT_draw_range_elements GL_EXT_fog_coord GL_EXT_framebuffer_blit GL_EXT_framebuffer_multisample GL_EXTX_framebuffer_mixed_formats GL_EXT_framebuffer_multisample_blit_scaled GL_EXT_framebuffer_object GL_EXT_framebuffer_sRGB GL_EXT_geometry_shader4 GL_EXT_gpu_program_parameters 
GL_EXT_gpu_shader4 GL_EXT_multi_draw_arrays GL_EXT_multiview_texture_multisample GL_EXT_multiview_timer_query GL_EXT_packed_depth_stencil GL_EXT_packed_float GL_EXT_packed_pixels GL_EXT_pixel_buffer_object GL_EXT_point_parameters GL_EXT_polygon_offset_clamp GL_EXT_post_depth_coverage GL_EXT_provoking_vertex GL_EXT_raster_multisample GL_EXT_rescale_normal GL_EXT_secondary_color GL_EXT_separate_shader_objects GL_EXT_separate_specular_color GL_EXT_shader_image_load_formatted GL_EXT_shader_image_load_store GL_EXT_shader_integer_mix GL_EXT_shadow_funcs GL_EXT_sparse_texture2 GL_EXT_stencil_two_side GL_EXT_stencil_wrap GL_EXT_texture3D GL_EXT_texture_array GL_EXT_texture_buffer_object GL_EXT_texture_compression_dxt1 GL_EXT_texture_compression_latc GL_EXT_texture_compression_rgtc GL_EXT_texture_compression_s3tc GL_EXT_texture_cube_map GL_EXT_texture_edge_clamp GL_EXT_texture_env_combine GL_EXT_texture_env_dot3 GL_EXT_texture_filter_anisotropic GL_EXT_texture_filter_minmax GL_EXT_texture_integer GL_EXT_texture_lod G
L_EXT_texture_lod_bias GL_EXT_texture_mirror_clamp GL_EXT_texture_object GL_EXT_texture_shadow_lod GL_EXT_texture_shared_exponent GL_EXT_texture_sRGB GL_EXT_texture_sRGB_R8 GL_EXT_texture_sRGB_decode GL_EXT_texture_storage GL_EXT_texture_swizzle GL_EXT_timer_query GL_EXT_transform_feedback2 GL_EXT_vertex_array GL_EXT_vertex_array_bgra GL_EXT_vertex_attrib_64bit GL_EXT_window_rectangles GL_EXT_x11_sync_object GL_EXT_import_sync_object GL_NV_robustness_video_memory_purge GL_IBM_rasterpos_clip GL_IBM_texture_mirrored_repeat GL_KHR_context_flush_control GL_KHR_debug GL_EXT_memory_object GL_EXT_memory_object_fd GL_NV_memory_object_sparse GL_KHR_parallel_shader_compile GL_KHR_no_error GL_KHR_robust_buffer_access_behavior GL_KHR_robustness GL_EXT_semaphore GL_EXT_semaphore_fd GL_NV_timeline_semaphore GL_KHR_shader_subgroup GL_KTX_buffer_region GL_NV_alpha_to_coverage_dither_control GL_NV_bindless_multi_draw_indirect GL_NV_bindless_multi_draw_indirect_count GL_NV_bindless_texture GL_NV_blend_equation_advanced GL_NV_
blend_equation_advanced_coherent GL_NVX_blend_equation_advanced_multi_draw_buffers GL_NV_blend_minmax_factor GL_NV_blend_square GL_NV_clip_space_w_scaling GL_NV_command_list GL_NV_compute_program5 GL_NV_compute_shader_derivatives GL_NV_conditional_render GL_NV_conservative_raster GL_NV_conservative_raster_dilate GL_NV_conservative_raster_pre_snap GL_NV_conservative_raster_pre_snap_triangles GL_NV_conservative_raster_underestimation GL_NV_copy_depth_to_color GL_NV_copy_image GL_NV_depth_buffer_float GL_NV_depth_clamp GL_NV_draw_texture GL_NV_draw_vulkan_image GL_NV_ES1_1_compatibility GL_NV_ES3_1_compatibility GL_NV_explicit_multisample GL_NV_feature_query GL_NV_fence GL_NV_fill_rectangle GL_NV_float_buffer GL_NV_fog_distance GL_NV_fragment_coverage_to_color GL_NV_fragment_program GL_NV_fragment_program_option GL_NV_fragment_program2 GL_NV_fragment_shader_barycentric GL_NV_fragment_shader_interlock GL_NV_framebuffer_mixed_samples GL_NV_framebuffer_multisample_coverage GL_NV_geometry_shader4 GL_NV_geometry_sha
der_passthrough GL_NV_gpu_program4 GL_NV_internalformat_sample_query GL_NV_gpu_program4_1 GL_NV_gpu_program5 GL_NV_gpu_program5_mem_extended GL_NV_gpu_program_fp64 GL_NV_gpu_shader5 GL_NV_half_float GL_NV_light_max_exponent GL_NV_memory_attachment GL_NV_mesh_shader GL_NV_multisample_coverage GL_NV_multisample_filter_hint GL_NV_occlusion_query GL_NV_packed_depth_stencil GL_NV_parameter_buffer_object GL_NV_parameter_buffer_object2 GL_NV_path_rendering GL_NV_path_rendering_shared_edge GL_NV_pixel_data_range GL_NV_point_sprite GL_NV_primitive_restart GL_NV_query_resource GL_NV_query_resource_tag GL_NV_register_combiners GL_NV_register_combiners2 GL_NV_representative_fragment_test GL_NV_sample_locations GL_NV_sample_mask_override_coverage GL_NV_scissor_exclusive GL_NV_shader_atomic_counters GL_NV_shader_atomic_float GL_NV_shader_atomic_float64 GL_NV_shader_atomic_fp16_vector GL_NV_shader_atomic_int64 GL_NV_shader_buffer_load GL_NV_shader_storage_buffer_object GL_NV_shader_subgroup_partitioned GL_NV_shader_texture
_footprint GL_NV_shading_rate_image GL_NV_stereo_view_rendering GL_NV_texgen_reflection GL_NV_texture_barrier GL_NV_texture_compression_vtc GL_NV_texture_env_combine4 GL_NV_texture_multisample GL_NV_texture_rectangle GL_NV_texture_rectangle_compressed GL_NV_texture_shader GL_NV_texture_shader2 GL_NV_texture_shader3 GL_NV_transform_feedback GL_NV_transform_feedback2 GL_NV_uniform_buffer_unified_memory GL_NV_vdpau_interop GL_NV_vdpau_interop2 GL_NV_vertex_array_range GL_NV_vertex_array_range2 GL_NV_vertex_attrib_integer_64bit GL_NV_vertex_buffer_unified_memory GL_NV_vertex_program GL_NV_vertex_program1_1 GL_NV_vertex_program2 GL_NV_vertex_program2_option GL_NV_vertex_program3 GL_NV_viewport_array2 GL_NV_viewport_swizzle GL_NVX_conditional_render GL_NV_gpu_multicast GL_NVX_progress_fence GL_NVX_gpu_memory_info GL_NVX_nvenc_interop GL_NV_shader_thread_group GL_NV_shader_thread_shuffle GL_KHR_blend_equation_advanced GL_KHR_blend_equation_advanced_coherent GL_OVR_multiview GL_OVR_multiview2 GL_SGIS_generate_mipmap
 GL_SGIS_texture_lod GL_SGIX_depth_texture GL_SGIX_shadow GL_SUN_slice_accum
OPENGL LOG: Creating OpenGL 4.5 graphics device ; Context level  <OpenGL 4.5> ; Context handle 990895784
Shader 'Universal Render Pipeline/Particles/Lit': fallback shader 'Universal Render Pipeline/Particles/SimpleLit' not found
Initialize mono
Mono path[0] = '/home/crisco/Unity/Hub/Editor/2020.2.1f1/Editor/Data/Managed'
Mono path[1] = '/home/crisco/Unity/Hub/Editor/2020.2.1f1/Editor/Data/MonoBleedingEdge/lib/mono/unityjit'
Mono config path = '/home/crisco/Unity/Hub/Editor/2020.2.1f1/Editor/Data/MonoBleedingEdge/etc'
Using monoOptions --debugger-agent=transport=dt_socket,embedding=1,server=y,suspend=n,address=127.0.0.1:56092
Begin MonoManager ReloadAssembly
Registering precompiled unity dll's ...
Register platform support module: /home/crisco/Unity/Hub/Editor/2020.2.1f1/Editor/Data/PlaybackEngines/LinuxStandaloneSupport/UnityEditor.LinuxStandalone.Extensions.dll
Registered in 0.000695 seconds.
Native extension for LinuxStandalone target not found
Refreshing native plugins compatible for Editor in 34.81 ms, found 0 plugins.
Preloading 0 native plugins for Editor in 0.00 ms.
Invoked RoslynAnalysisRunner static constructor.
RoslynAnalysisRunner will not be running.
RoslynAnalysisRunner has terminated.
Mono: successfully reloaded assembly
- Completed reload, in  0.604 seconds
Platform modules already initialized, skipping
Registering precompiled user dll's ...
Registered in 0.000696 seconds.
Begin MonoManager ReloadAssembly
Native extension for LinuxStandalone target not found
Refreshing native plugins compatible for Editor in 35.22 ms, found 0 plugins.
Preloading 0 native plugins for Editor in 0.00 ms.
Invoked RoslynAnalysisRunner static constructor.
RoslynAnalysisRunner will not be running.
RoslynAnalysisRunner has terminated.
Mono: successfully reloaded assembly
- Completed reload, in  0.682 seconds
Platform modules already initialized, skipping
========================================================================
Worker process is ready to serve import requests
Shader 'Universal Render Pipeline/Particles/Lit': fallback shader 'Universal Render Pipeline/Particles/SimpleLit' not found
Launched and connected shader compiler UnityShaderCompiler after 0.01 seconds
Refreshing native plugins compatible for Editor in 0.36 ms, found 0 plugins.
Preloading 0 native plugins for Editor in 0.00 ms.
Unloading 2531 Unused Serialized files (Serialized files now loaded: 0)
System memory in use before: 112.1 MB.
System memory in use after: 112.2 MB.

Unloading 10 unused Assets to reduce memory usage. Loaded Objects now: 2981.
Total: 2.326333 ms (FindLiveObjects: 0.214308 ms CreateObjectMapping: 0.107565 ms MarkObjects: 1.917342 ms  DeleteObjects: 0.086233 ms)

========================================================================
Received Import Request.
  path: Assets/Prefabs/Cannon.prefab
  artifactKey: Guid(513f77ee55578f91dabeb0c193f3e295) Importer(815301076,1909f56bfc062723c751e8b465ee728b)
Start importing Assets/Prefabs/Cannon.prefab using Guid(513f77ee55578f91dabeb0c193f3e295) Importer(815301076,1909f56bfc062723c751e8b465ee728b)  -> (artifact id: '35c13dff3325800b4064c2c95e133e54') in 0.151332 seconds
  Import took 0.154772 seconds .

========================================================================
Received Prepare
Registering precompiled user dll's ...
Registered in 0.000614 seconds.
Begin MonoManager ReloadAssembly
Native extension for LinuxStandalone target not found
Refreshing native plugins compatible for Editor in 0.35 ms, found 0 plugins.
Preloading 0 native plugins for Editor in 0.00 ms.
Invoked RoslynAnalysisRunner static constructor.
RoslynAnalysisRunner will not be running.
RoslynAnalysisRunner has terminated.
Mono: successfully reloaded assembly
- Completed reload, in  0.633 seconds
Platform modules already initialized, skipping
Shader 'Universal Render Pipeline/Particles/Lit': fallback shader 'Universal Render Pipeline/Particles/SimpleLit' not found
Refreshing native plugins compatible for Editor in 0.36 ms, found 0 plugins.
Preloading 0 native plugins for Editor in 0.00 ms.
Unloading 2419 Unused Serialized files (Serialized files now loaded: 0)
System memory in use before: 110.5 MB.
System memory in use after: 110.7 MB.

Unloading 5 unused Assets to reduce memory usage. Loaded Objects now: 3031.
Total: 2.379845 ms (FindLiveObjects: 0.220605 ms CreateObjectMapping: 0.126394 ms MarkObjects: 2.008076 ms  DeleteObjects: 0.023785 ms)

========================================================================
Received Prepare
Registering precompiled user dll's ...
Registered in 0.000555 seconds.
Begin MonoManager ReloadAssembly
Native extension for LinuxStandalone target not found
Refreshing native plugins compatible for Editor in 0.36 ms, found 0 plugins.
Preloading 0 native plugins for Editor in 0.00 ms.
Invoked RoslynAnalysisRunner static constructor.
RoslynAnalysisRunner will not be running.
RoslynAnalysisRunner has terminated.
Mono: successfully reloaded assembly
- Completed reload, in  0.595 seconds
Platform modules already initialized, skipping
Shader 'Universal Render Pipeline/Particles/Lit': fallback shader 'Universal Render Pipeline/Particles/SimpleLit' not found
Refreshing native plugins compatible for Editor in 0.35 ms, found 0 plugins.
Preloading 0 native plugins for Editor in 0.00 ms.
Unloading 2419 Unused Serialized files (Serialized files now loaded: 0)
System memory in use before: 110.5 MB.
System memory in use after: 110.7 MB.

Unloading 5 unused Assets to reduce memory usage. Loaded Objects now: 3033.
Total: 2.117928 ms (FindLiveObjects: 0.191325 ms CreateObjectMapping: 0.069427 ms MarkObjects: 1.837098 ms  DeleteObjects: 0.019258 ms)

========================================================================
Received Import Request.
  Time since last request: 411.849248 seconds.
  path: Assets/Shaders/turret.shadergraph
  artifactKey: Guid(96f3ca379c2823d168f6c794d7f876f1) Importer(815301076,1909f56bfc062723c751e8b465ee728b)
Start importing Assets/Shaders/turret.shadergraph using Guid(96f3ca379c2823d168f6c794d7f876f1) Importer(815301076,1909f56bfc062723c751e8b465ee728b)  -> (artifact id: 'ec0e917171a4bae75a1b43f7e1137571') in 0.008549 seconds
  Import took 0.011641 seconds .

========================================================================
Received Import Request.
  Time since last request: 33.424498 seconds.
  path: Assets/Shaders/white (copy).renderTexture
  artifactKey: Guid(41cefb36acf31bb6bb4b76e6a16e2279) Importer(815301076,1909f56bfc062723c751e8b465ee728b)
Start importing Assets/Shaders/white (copy).renderTexture using Guid(41cefb36acf31bb6bb4b76e6a16e2279) Importer(815301076,1909f56bfc062723c751e8b465ee728b)  -> (artifact id: 'f354a9adfb05afab251d6fcb66ae8933') in 0.017644 seconds
  Import took 0.020691 seconds .

========================================================================
Received Import Request.
  Time since last request: 53.274029 seconds.
  path: Assets/Shaders/YELLOW.shadergraph
  artifactKey: Guid(31f88f0f316487864b8ea1eb579f5fe5) Importer(815301076,1909f56bfc062723c751e8b465ee728b)
Start importing Assets/Shaders/YELLOW.shadergraph using Guid(31f88f0f316487864b8ea1eb579f5fe5) Importer(815301076,1909f56bfc062723c751e8b465ee728b)  -> (artifact id: 'cc81080d2a0ec9ec00d1f1990e274a86') in 0.003078 seconds
  Import took 0.006472 seconds .

========================================================================
Received Import Request.
  Time since last request: 17.694951 seconds.
  path: Assets/Shaders/YELLOW.shadergraph
  artifactKey: Guid(31f88f0f316487864b8ea1eb579f5fe5) Importer(815301076,1909f56bfc062723c751e8b465ee728b)
Start importing Assets/Shaders/YELLOW.shadergraph using Guid(31f88f0f316487864b8ea1eb579f5fe5) Importer(815301076,1909f56bfc062723c751e8b465ee728b)  -> (artifact id: '6c18f14af38b947557df1e98f17fe777') in 0.001544 seconds
  Import took 0.004496 seconds .

========================================================================
Received Import Request.
  Time since last request: 20.905715 seconds.
  path: Assets/Shaders/Yellow_Black.mat
  artifactKey: Guid(b522b97cc02b21bec905e6e154a81ba9) Importer(815301076,1909f56bfc062723c751e8b465ee728b)
Start importing Assets/Shaders/Yellow_Black.mat using Guid(b522b97cc02b21bec905e6e154a81ba9) Importer(815301076,1909f56bfc062723c751e8b465ee728b)  -> (artifact id: '4450c645fbb17e5c49f90fa98dc7e89b') in 0.141145 seconds
  Import took 0.144464 seconds .

========================================================================
Received Prepare
Registering precompiled user dll's ...
Registered in 0.000672 seconds.
Begin MonoManager ReloadAssembly
Native extension for LinuxStandalone target not found
Refreshing native plugins compatible for Editor in 0.35 ms, found 0 plugins.
Preloading 0 native plugins for Editor in 0.00 ms.
Invoked RoslynAnalysisRunner static constructor.
RoslynAnalysisRunner will not be running.
RoslynAnalysisRunner has terminated.
Mono: successfully reloaded assembly
- Completed reload, in  0.601 seconds
Platform modules already initialized, skipping
Shader 'Universal Render Pipeline/Particles/Lit': fallback shader 'Universal Render Pipeline/Particles/SimpleLit' not found
Refreshing native plugins compatible for Editor in 0.35 ms, found 0 plugins.
Preloading 0 native plugins for Editor in 0.00 ms.
Unloading 2420 Unused Serialized files (Serialized files now loaded: 0)
System memory in use before: 111.3 MB.
System memory in use after: 111.6 MB.

Unloading 5 unused Assets to reduce memory usage. Loaded Objects now: 3108.
Total: 2.262421 ms (FindLiveObjects: 0.191467 ms CreateObjectMapping: 0.069103 ms MarkObjects: 1.967267 ms  DeleteObjects: 0.033879 ms)

========================================================================
Received Import Request.
  Time since last request: 223.681313 seconds.
  path: Assets/Shaders/YELLOW.shadergraph
  artifactKey: Guid(31f88f0f316487864b8ea1eb579f5fe5) Importer(815301076,1909f56bfc062723c751e8b465ee728b)
Start importing Assets/Shaders/YELLOW.shadergraph using Guid(31f88f0f316487864b8ea1eb579f5fe5) Importer(815301076,1909f56bfc062723c751e8b465ee728b)  -> (artifact id: 'c1fe77994fe9cbfb2551312018786c5e') in 0.008488 seconds
  Import took 0.011567 seconds .

========================================================================
Received Import Request.
  Time since last request: 14.861960 seconds.
  path: Assets/Shaders/White_Black.mat
  artifactKey: Guid(9c5de3d9dd97cb84aa914678902d8bcc) Importer(815301076,1909f56bfc062723c751e8b465ee728b)
Start importing Assets/Shaders/White_Black.mat using Guid(9c5de3d9dd97cb84aa914678902d8bcc) Importer(815301076,1909f56bfc062723c751e8b465ee728b)  -> (artifact id: '88596262dea3d21e04e70a09329f17a7') in 0.121330 seconds
  Import took 0.124432 seconds .

========================================================================
Received Prepare
Registering precompiled user dll's ...
Registered in 0.000660 seconds.
Begin MonoManager ReloadAssembly
Native extension for LinuxStandalone target not found
Refreshing native plugins compatible for Editor in 0.36 ms, found 0 plugins.
Preloading 0 native plugins for Editor in 0.00 ms.
Invoked RoslynAnalysisRunner static constructor.
RoslynAnalysisRunner will not be running.
RoslynAnalysisRunner has terminated.
Mono: successfully reloaded assembly
- Completed reload, in  0.627 seconds
Platform modules already initialized, skipping
Shader 'Universal Render Pipeline/Particles/Lit': fallback shader 'Universal Render Pipeline/Particles/SimpleLit' not found
Refreshing native plugins compatible for Editor in 0.35 ms, found 0 plugins.
Preloading 0 native plugins for Editor in 0.00 ms.
Unloading 2419 Unused Serialized files (Serialized files now loaded: 0)
System memory in use before: 111.3 MB.
System memory in use after: 111.5 MB.

Unloading 5 unused Assets to reduce memory usage. Loaded Objects now: 3146.
Total: 2.345870 ms (FindLiveObjects: 0.227837 ms CreateObjectMapping: 0.087618 ms MarkObjects: 2.006447 ms  DeleteObjects: 0.023037 ms)

========================================================================
Received Import Request.
  Time since last request: 74.538978 seconds.
  path: Assets/Shaders/gun.mat
  artifactKey: Guid(1934f466c35e2ef0680ec809e0116662) Importer(815301076,1909f56bfc062723c751e8b465ee728b)
Start importing Assets/Shaders/gun.mat using Guid(1934f466c35e2ef0680ec809e0116662) Importer(815301076,1909f56bfc062723c751e8b465ee728b)  -> (artifact id: '3a34e8f27186b2a56b969d9773f1f237') in 0.120776 seconds
  Import took 0.123890 seconds .

========================================================================
Received Prepare
Registering precompiled user dll's ...
Registered in 0.000567 seconds.
Begin MonoManager ReloadAssembly
Native extension for LinuxStandalone target not found
Refreshing native plugins compatible for Editor in 0.34 ms, found 0 plugins.
Preloading 0 native plugins for Editor in 0.00 ms.
Invoked RoslynAnalysisRunner static constructor.
RoslynAnalysisRunner will not be running.
RoslynAnalysisRunner has terminated.
Mono: successfully reloaded assembly
- Completed reload, in  0.602 seconds
Platform modules already initialized, skipping
Shader 'Universal Render Pipeline/Particles/Lit': fallback shader 'Universal Render Pipeline/Particles/SimpleLit' not found
Refreshing native plugins compatible for Editor in 0.34 ms, found 0 plugins.
Preloading 0 native plugins for Editor in 0.00 ms.
Unloading 2419 Unused Serialized files (Serialized files now loaded: 0)
System memory in use before: 111.4 MB.
System memory in use after: 111.6 MB.

Unloading 5 unused Assets to reduce memory usage. Loaded Objects now: 3184.
Total: 2.188965 ms (FindLiveObjects: 0.193551 ms CreateObjectMapping: 0.066472 ms MarkObjects: 1.909290 ms  DeleteObjects: 0.018938 ms)

========================================================================
Received Import Request.
  Time since last request: 168.041910 seconds.
  path: Assets/Shaders/White_Black.shadergraph
  artifactKey: Guid(31f88f0f316487864b8ea1eb579f5fe5) Importer(815301076,1909f56bfc062723c751e8b465ee728b)
Start importing Assets/Shaders/White_Black.shadergraph using Guid(31f88f0f316487864b8ea1eb579f5fe5) Importer(815301076,1909f56bfc062723c751e8b465ee728b)  -> (artifact id: '51e093d0c57c21308a06b3ef9b35a77d') in 0.008515 seconds
  Import took 0.011884 seconds .

========================================================================
Received Import Request.
  Time since last request: 38.074118 seconds.
  path: Assets/Shaders/Black_yellow.shadergraph
  artifactKey: Guid(aefca33c88e842ddfb485b22a6e62f6a) Importer(815301076,1909f56bfc062723c751e8b465ee728b)
Start importing Assets/Shaders/Black_yellow.shadergraph using Guid(aefca33c88e842ddfb485b22a6e62f6a) Importer(815301076,1909f56bfc062723c751e8b465ee728b)  -> (artifact id: '4568bd2c6cf7b8060c4fa0248edbd56f') in 0.002452 seconds
  Import took 0.005404 seconds .

========================================================================
Received Import Request.
  Time since last request: 17.309640 seconds.
  path: Assets/Shaders/Black_yellow.shadergraph
  artifactKey: Guid(aefca33c88e842ddfb485b22a6e62f6a) Importer(815301076,1909f56bfc062723c751e8b465ee728b)
Start importing Assets/Shaders/Black_yellow.shadergraph using Guid(aefca33c88e842ddfb485b22a6e62f6a) Importer(815301076,1909f56bfc062723c751e8b465ee728b)  -> (artifact id: '3ed455136e804284622d91b824384b25') in 0.001750 seconds
  Import took 0.005028 seconds .

========================================================================
Received Import Request.
  Time since last request: 16.095705 seconds.
  path: Assets/Shaders/Black.mat
  artifactKey: Guid(84e18329e7ca8e7ee9c2799772d40a9a) Importer(815301076,1909f56bfc062723c751e8b465ee728b)
Start importing Assets/Shaders/Black.mat using Guid(84e18329e7ca8e7ee9c2799772d40a9a) Importer(815301076,1909f56bfc062723c751e8b465ee728b)  -> (artifact id: '06501b3dbf383202740fe43560e3009c') in 0.116619 seconds
  Import took 0.119949 seconds .

========================================================================
Received Import Request.
  Time since last request: 0.002878 seconds.
  path: Assets/Shaders/Black.mat
  artifactKey: Guid(84e18329e7ca8e7ee9c2799772d40a9a) Importer(815301076,1909f56bfc062723c751e8b465ee728b)
Start importing Assets/Shaders/Black.mat using Guid(84e18329e7ca8e7ee9c2799772d40a9a) Importer(815301076,1909f56bfc062723c751e8b465ee728b)  -> (artifact id: '06501b3dbf383202740fe43560e3009c') in 0.008925 seconds
  Import took 0.012001 seconds .

========================================================================
Received Import Request.
  Time since last request: 569.549769 seconds.
  path: Assets/Shaders/Black_yellow.mat
  artifactKey: Guid(84e18329e7ca8e7ee9c2799772d40a9a) Importer(815301076,1909f56bfc062723c751e8b465ee728b)
Start importing Assets/Shaders/Black_yellow.mat using Guid(84e18329e7ca8e7ee9c2799772d40a9a) Importer(815301076,1909f56bfc062723c751e8b465ee728b)  -> (artifact id: '634b7bea3dc2add06dc683498adb402b') in 0.006614 seconds
  Import took 0.009788 seconds .

========================================================================
Received Import Request.
  Time since last request: 0.000201 seconds.
  path: Assets/Shaders/gun.mat
  artifactKey: Guid(1934f466c35e2ef0680ec809e0116662) Importer(815301076,1909f56bfc062723c751e8b465ee728b)
Start importing Assets/Shaders/gun.mat using Guid(1934f466c35e2ef0680ec809e0116662) Importer(815301076,1909f56bfc062723c751e8b465ee728b)  -> (artifact id: 'fcd8731561310a5b1121322ff0a19e81') in 0.009036 seconds
  Import took 0.011965 seconds .

========================================================================
Received Prepare
Registering precompiled user dll's ...
Registered in 0.000569 seconds.
Begin MonoManager ReloadAssembly
Native extension for LinuxStandalone target not found
Refreshing native plugins compatible for Editor in 0.36 ms, found 0 plugins.
Preloading 0 native plugins for Editor in 0.00 ms.
Invoked RoslynAnalysisRunner static constructor.
RoslynAnalysisRunner will not be running.
RoslynAnalysisRunner has terminated.
Mono: successfully reloaded assembly
- Completed reload, in  0.610 seconds
Platform modules already initialized, skipping
Shader 'Universal Render Pipeline/Particles/Lit': fallback shader 'Universal Render Pipeline/Particles/SimpleLit' not found
Refreshing native plugins compatible for Editor in 0.35 ms, found 0 plugins.
Preloading 0 native plugins for Editor in 0.00 ms.
Unloading 2420 Unused Serialized files (Serialized files now loaded: 0)
System memory in use before: 112.0 MB.
System memory in use after: 112.3 MB.

Unloading 5 unused Assets to reduce memory usage. Loaded Objects now: 3223.
Total: 2.325312 ms (FindLiveObjects: 0.208858 ms CreateObjectMapping: 0.073415 ms MarkObjects: 2.021380 ms  DeleteObjects: 0.020762 ms)

========================================================================
Received Prepare
Shader 'Universal Render Pipeline/Particles/Lit': fallback shader 'Universal Render Pipeline/Particles/SimpleLit' not found
Refreshing native plugins compatible for Editor in 1.34 ms, found 0 plugins.
Preloading 0 native plugins for Editor in 0.00 ms.
Unloading 3 Unused Serialized files (Serialized files now loaded: 0)
System memory in use before: 63.3 MB.
System memory in use after: 63.5 MB.

Unloading 3 unused Assets to reduce memory usage. Loaded Objects now: 3223.
Total: 4.025602 ms (FindLiveObjects: 0.428371 ms CreateObjectMapping: 0.190667 ms MarkObjects: 3.363263 ms  DeleteObjects: 0.040862 ms)

========================================================================
Received Prepare
Registering precompiled user dll's ...
Registered in 0.000572 seconds.
Begin MonoManager ReloadAssembly
Native extension for LinuxStandalone target not found
Refreshing native plugins compatible for Editor in 0.35 ms, found 0 plugins.
Preloading 0 native plugins for Editor in 0.00 ms.
Invoked RoslynAnalysisRunner static constructor.
RoslynAnalysisRunner will not be running.
RoslynAnalysisRunner has terminated.
Mono: successfully reloaded assembly
- Completed reload, in  0.618 seconds
Platform modules already initialized, skipping
Shader 'Universal Render Pipeline/Particles/Lit': fallback shader 'Universal Render Pipeline/Particles/SimpleLit' not found
Refreshing native plugins compatible for Editor in 0.34 ms, found 0 plugins.
Preloading 0 native plugins for Editor in 0.00 ms.
Unloading 2419 Unused Serialized files (Serialized files now loaded: 0)
System memory in use before: 112.1 MB.
System memory in use after: 112.3 MB.

Unloading 5 unused Assets to reduce memory usage. Loaded Objects now: 3225.
Total: 2.513988 ms (FindLiveObjects: 0.289550 ms CreateObjectMapping: 0.097980 ms MarkObjects: 2.104303 ms  DeleteObjects: 0.021166 ms)

========================================================================
Received Import Request.
  Time since last request: 1343.787868 seconds.
  path: Assets/Shaders/New Material.mat
  artifactKey: Guid(940b6bf9609714f06941d21b3008bb63) Importer(815301076,1909f56bfc062723c751e8b465ee728b)
Start importing Assets/Shaders/New Material.mat using Guid(940b6bf9609714f06941d21b3008bb63) Importer(815301076,1909f56bfc062723c751e8b465ee728b)  -> (artifact id: '0eb983f401ce04218052348dd9d73c02') in 0.135390 seconds
  Import took 0.138569 seconds .

========================================================================
Received Import Request.
  Time since last request: 45.011809 seconds.
  path: Assets/Prefabs/Cannonball.prefab
  artifactKey: Guid(5aa876f1e241db8eea8c1e8463d1f669) Importer(815301076,1909f56bfc062723c751e8b465ee728b)
Start importing Assets/Prefabs/Cannonball.prefab using Guid(5aa876f1e241db8eea8c1e8463d1f669) Importer(815301076,1909f56bfc062723c751e8b465ee728b)  -> (artifact id: '140f64274f5fc3fa60af7c2c6753ed4e') in 0.013388 seconds
  Import took 0.016457 seconds .

========================================================================
Received Prepare
Registering precompiled user dll's ...
Registered in 0.000566 seconds.
Begin MonoManager ReloadAssembly
Native extension for LinuxStandalone target not found
Refreshing native plugins compatible for Editor in 0.34 ms, found 0 plugins.
Preloading 0 native plugins for Editor in 0.00 ms.
Invoked RoslynAnalysisRunner static constructor.
RoslynAnalysisRunner will not be running.
RoslynAnalysisRunner has terminated.
Mono: successfully reloaded assembly
- Completed reload, in  0.623 seconds
Platform modules already initialized, skipping
Shader 'Universal Render Pipeline/Particles/Lit': fallback shader 'Universal Render Pipeline/Particles/SimpleLit' not found
Refreshing native plugins compatible for Editor in 0.35 ms, found 0 plugins.
Preloading 0 native plugins for Editor in 0.00 ms.
Unloading 2419 Unused Serialized files (Serialized files now loaded: 0)
System memory in use before: 112.2 MB.
System memory in use after: 112.4 MB.

Unloading 5 unused Assets to reduce memory usage. Loaded Objects now: 3263.
Total: 2.345088 ms (FindLiveObjects: 0.215419 ms CreateObjectMapping: 0.080085 ms MarkObjects: 2.028427 ms  DeleteObjects: 0.020329 ms)

========================================================================
Received Prepare
Registering precompiled user dll's ...
Registered in 0.000566 seconds.
Begin MonoManager ReloadAssembly
Native extension for LinuxStandalone target not found
Refreshing native plugins compatible for Editor in 0.34 ms, found 0 plugins.
Preloading 0 native plugins for Editor in 0.00 ms.
Invoked RoslynAnalysisRunner static constructor.
RoslynAnalysisRunner will not be running.
RoslynAnalysisRunner has terminated.
Mono: successfully reloaded assembly
- Completed reload, in  0.620 seconds
Platform modules already initialized, skipping
Shader 'Universal Render Pipeline/Particles/Lit': fallback shader 'Universal Render Pipeline/Particles/SimpleLit' not found
Refreshing native plugins compatible for Editor in 0.35 ms, found 0 plugins.
Preloading 0 native plugins for Editor in 0.00 ms.
Unloading 2419 Unused Serialized files (Serialized files now loaded: 0)
System memory in use before: 112.2 MB.
System memory in use after: 112.4 MB.

Unloading 5 unused Assets to reduce memory usage. Loaded Objects now: 3265.
Total: 2.353805 ms (FindLiveObjects: 0.221422 ms CreateObjectMapping: 0.079952 ms MarkObjects: 2.031176 ms  DeleteObjects: 0.020524 ms)

========================================================================
Received Prepare
Registering precompiled user dll's ...
Registered in 0.000606 seconds.
Begin MonoManager ReloadAssembly
Native extension for LinuxStandalone target not found
Refreshing native plugins compatible for Editor in 0.35 ms, found 0 plugins.
Preloading 0 native plugins for Editor in 0.00 ms.
Invoked RoslynAnalysisRunner static constructor.
RoslynAnalysisRunner will not be running.
RoslynAnalysisRunner has terminated.
Mono: successfully reloaded assembly
- Completed reload, in  0.620 seconds
Platform modules already initialized, skipping
Shader 'Universal Render Pipeline/Particles/Lit': fallback shader 'Universal Render Pipeline/Particles/SimpleLit' not found
Refreshing native plugins compatible for Editor in 0.35 ms, found 0 plugins.
Preloading 0 native plugins for Editor in 0.00 ms.
Unloading 2419 Unused Serialized files (Serialized files now loaded: 0)
System memory in use before: 112.1 MB.
System memory in use after: 112.3 MB.

Unloading 5 unused Assets to reduce memory usage. Loaded Objects now: 3267.
Total: 2.629893 ms (FindLiveObjects: 0.264743 ms CreateObjectMapping: 0.096324 ms MarkObjects: 2.242622 ms  DeleteObjects: 0.025275 ms)

========================================================================
Received Import Request.
  Time since last request: 549.989958 seconds.
  path: Assets/Shaders/cannonball.mat
  artifactKey: Guid(02ee6ed5e285848b19039703892239f5) Importer(815301076,1909f56bfc062723c751e8b465ee728b)
Start importing Assets/Shaders/cannonball.mat using Guid(02ee6ed5e285848b19039703892239f5) Importer(815301076,1909f56bfc062723c751e8b465ee728b)  -> (artifact id: '0a067d5870e586d331f2d8b0d3d4e472') in 0.124121 seconds
  Import took 0.127321 seconds .

========================================================================
Received Import Request.
  Time since last request: 0.000230 seconds.
  path: Assets/Shaders/New Material.mat
  artifactKey: Guid(940b6bf9609714f06941d21b3008bb63) Importer(815301076,1909f56bfc062723c751e8b465ee728b)
Start importing Assets/Shaders/New Material.mat using Guid(940b6bf9609714f06941d21b3008bb63) Importer(815301076,1909f56bfc062723c751e8b465ee728b)  -> (artifact id: 'e8d3a7a8bab67fec1c962c06c47401ac') in 0.009182 seconds
  Import took 0.011871 seconds .

========================================================================
Received Import Request.
  Time since last request: 97.171867 seconds.
  path: Assets/Prefabs/GUN/Bullet.prefab
  artifactKey: Guid(98211c04684b9d10f94eb4ad14313a20) Importer(815301076,1909f56bfc062723c751e8b465ee728b)
Start importing Assets/Prefabs/GUN/Bullet.prefab using Guid(98211c04684b9d10f94eb4ad14313a20) Importer(815301076,1909f56bfc062723c751e8b465ee728b)  -> (artifact id: 'bb80fa6f57b6e77116d21d786ae56ad8') in 0.010559 seconds
  Import took 0.013756 seconds .

========================================================================
Received Import Request.
  Time since last request: 17.692181 seconds.
  path: Assets/Prefabs/GUN/Bullet.prefab
  artifactKey: Guid(98211c04684b9d10f94eb4ad14313a20) Importer(815301076,1909f56bfc062723c751e8b465ee728b)
Start importing Assets/Prefabs/GUN/Bullet.prefab using Guid(98211c04684b9d10f94eb4ad14313a20) Importer(815301076,1909f56bfc062723c751e8b465ee728b)  -> (artifact id: '9ce8f06081ae6216e0cf2aa6aa3f4bed') in 0.005724 seconds
  Import took 0.008840 seconds .

========================================================================
Received Import Request.
  Time since last request: 33.644421 seconds.
  path: Assets/Prefabs/Cannonball.prefab
  artifactKey: Guid(5aa876f1e241db8eea8c1e8463d1f669) Importer(815301076,1909f56bfc062723c751e8b465ee728b)
Start importing Assets/Prefabs/Cannonball.prefab using Guid(5aa876f1e241db8eea8c1e8463d1f669) Importer(815301076,1909f56bfc062723c751e8b465ee728b)  -> (artifact id: '37aeb2695a057d1604d4addfe1e7dd80') in 0.004383 seconds
  Import took 0.007411 seconds .

========================================================================
Received Prepare
Registering precompiled user dll's ...
Registered in 0.000656 seconds.
Begin MonoManager ReloadAssembly
Native extension for LinuxStandalone target not found
Refreshing native plugins compatible for Editor in 0.36 ms, found 0 plugins.
Preloading 0 native plugins for Editor in 0.00 ms.
Invoked RoslynAnalysisRunner static constructor.
RoslynAnalysisRunner will not be running.
RoslynAnalysisRunner has terminated.
Mono: successfully reloaded assembly
- Completed reload, in  0.611 seconds
Platform modules already initialized, skipping
Shader 'Universal Render Pipeline/Particles/Lit': fallback shader 'Universal Render Pipeline/Particles/SimpleLit' not found
Refreshing native plugins compatible for Editor in 0.35 ms, found 0 plugins.
Preloading 0 native plugins for Editor in 0.00 ms.
Unloading 2419 Unused Serialized files (Serialized files now loaded: 0)
System memory in use before: 112.3 MB.
System memory in use after: 112.5 MB.

Unloading 5 unused Assets to reduce memory usage. Loaded Objects now: 3305.
Total: 2.327266 ms (FindLiveObjects: 0.215892 ms CreateObjectMapping: 0.078377 ms MarkObjects: 2.010863 ms  DeleteObjects: 0.021372 ms)

========================================================================
Received Import Request.
  Time since last request: 133.206703 seconds.
  path: Assets/Shaders/cannonball.mat
  artifactKey: Guid(02ee6ed5e285848b19039703892239f5) Importer(815301076,1909f56bfc062723c751e8b465ee728b)
Start importing Assets/Shaders/cannonball.mat using Guid(02ee6ed5e285848b19039703892239f5) Importer(815301076,1909f56bfc062723c751e8b465ee728b)  -> (artifact id: 'cf4c9587454f4f2e0cefac9c579e9dd4') in 0.118258 seconds
  Import took 0.121215 seconds .

========================================================================
Received Import Request.
  Time since last request: 26.366548 seconds.
  path: Assets/Prefabs/Cannonball.prefab
  artifactKey: Guid(5aa876f1e241db8eea8c1e8463d1f669) Importer(815301076,1909f56bfc062723c751e8b465ee728b)
Start importing Assets/Prefabs/Cannonball.prefab using Guid(5aa876f1e241db8eea8c1e8463d1f669) Importer(815301076,1909f56bfc062723c751e8b465ee728b)  -> (artifact id: '1ee965e18678105140658c9eb3bbcc77') in 0.011889 seconds
  Import took 0.014956 seconds .

========================================================================
Received Import Request.
  Time since last request: 4.588643 seconds.
  path: Assets/Prefabs/Cannonball.prefab
  artifactKey: Guid(5aa876f1e241db8eea8c1e8463d1f669) Importer(815301076,1909f56bfc062723c751e8b465ee728b)
Start importing Assets/Prefabs/Cannonball.prefab using Guid(5aa876f1e241db8eea8c1e8463d1f669) Importer(815301076,1909f56bfc062723c751e8b465ee728b)  -> (artifact id: '2c40ef58a09488d1a3d7d570148eeffb') in 0.004942 seconds
  Import took 0.008023 seconds .

========================================================================
Received Import Request.
  Time since last request: 4.440608 seconds.
  path: Assets/Prefabs/Cannonball.prefab
  artifactKey: Guid(5aa876f1e241db8eea8c1e8463d1f669) Importer(815301076,1909f56bfc062723c751e8b465ee728b)
Start importing Assets/Prefabs/Cannonball.prefab using Guid(5aa876f1e241db8eea8c1e8463d1f669) Importer(815301076,1909f56bfc062723c751e8b465ee728b)  -> (artifact id: '7194c76e31e373427c5ddc22c6540e93') in 0.005501 seconds
  Import took 0.008517 seconds .

========================================================================
Received Prepare
Registering precompiled user dll's ...
Registered in 0.000586 seconds.
Begin MonoManager ReloadAssembly
Native extension for LinuxStandalone target not found
Refreshing native plugins compatible for Editor in 0.37 ms, found 0 plugins.
Preloading 0 native plugins for Editor in 0.00 ms.
Invoked RoslynAnalysisRunner static constructor.
RoslynAnalysisRunner will not be running.
RoslynAnalysisRunner has terminated.
Mono: successfully reloaded assembly
- Completed reload, in  0.641 seconds
Platform modules already initialized, skipping
Shader 'Universal Render Pipeline/Particles/Lit': fallback shader 'Universal Render Pipeline/Particles/SimpleLit' not found
Refreshing native plugins compatible for Editor in 0.36 ms, found 0 plugins.
Preloading 0 native plugins for Editor in 0.00 ms.
Unloading 2419 Unused Serialized files (Serialized files now loaded: 0)
System memory in use before: 112.5 MB.
System memory in use after: 112.7 MB.

Unloading 5 unused Assets to reduce memory usage. Loaded Objects now: 3343.
Total: 2.543098 ms (FindLiveObjects: 0.249461 ms CreateObjectMapping: 0.098705 ms MarkObjects: 2.171120 ms  DeleteObjects: 0.023039 ms)

========================================================================
Received Import Request.
  Time since last request: 44.227825 seconds.
  path: Assets/Prefabs/Cannonball.prefab
  artifactKey: Guid(5aa876f1e241db8eea8c1e8463d1f669) Importer(815301076,1909f56bfc062723c751e8b465ee728b)
Start importing Assets/Prefabs/Cannonball.prefab using Guid(5aa876f1e241db8eea8c1e8463d1f669) Importer(815301076,1909f56bfc062723c751e8b465ee728b)  -> (artifact id: '2dd14e6c9090574b011ef570fc1f2c38') in 0.117763 seconds
  Import took 0.121047 seconds .

========================================================================
Received Prepare
Registering precompiled user dll's ...
Registered in 0.000614 seconds.
Begin MonoManager ReloadAssembly
Native extension for LinuxStandalone target not found
Refreshing native plugins compatible for Editor in 0.35 ms, found 0 plugins.
Preloading 0 native plugins for Editor in 0.00 ms.
Invoked RoslynAnalysisRunner static constructor.
RoslynAnalysisRunner will not be running.
RoslynAnalysisRunner has terminated.
Mono: successfully reloaded assembly
- Completed reload, in  0.634 seconds
Platform modules already initialized, skipping
Shader 'Universal Render Pipeline/Particles/Lit': fallback shader 'Universal Render Pipeline/Particles/SimpleLit' not found
Refreshing native plugins compatible for Editor in 0.36 ms, found 0 plugins.
Preloading 0 native plugins for Editor in 0.00 ms.
Unloading 2419 Unused Serialized files (Serialized files now loaded: 0)
System memory in use before: 112.6 MB.
System memory in use after: 112.8 MB.

Unloading 5 unused Assets to reduce memory usage. Loaded Objects now: 3381.
Total: 2.659437 ms (FindLiveObjects: 0.252259 ms CreateObjectMapping: 0.094356 ms MarkObjects: 2.284679 ms  DeleteObjects: 0.027198 ms)

========================================================================
Received Import Request.
  Time since last request: 88.088235 seconds.
  path: Assets/Prefabs/Cannonball.prefab
  artifactKey: Guid(5aa876f1e241db8eea8c1e8463d1f669) Importer(815301076,1909f56bfc062723c751e8b465ee728b)
Start importing Assets/Prefabs/Cannonball.prefab using Guid(5aa876f1e241db8eea8c1e8463d1f669) Importer(815301076,1909f56bfc062723c751e8b465ee728b)  -> (artifact id: 'b6e50984b7230dfb614534997bc2f834') in 0.124438 seconds
  Import took 0.127745 seconds .

========================================================================
Received Import Request.
  Time since last request: 15.106117 seconds.
  path: Assets/Prefabs/Cannonball.prefab
  artifactKey: Guid(5aa876f1e241db8eea8c1e8463d1f669) Importer(815301076,1909f56bfc062723c751e8b465ee728b)
Start importing Assets/Prefabs/Cannonball.prefab using Guid(5aa876f1e241db8eea8c1e8463d1f669) Importer(815301076,1909f56bfc062723c751e8b465ee728b)  -> (artifact id: 'ffb631be147360a08729f381c014c7ea') in 0.005812 seconds
  Import took 0.008849 seconds .

========================================================================
Received Import Request.
  Time since last request: 80.726126 seconds.
  path: Assets/Prefabs/Cannonball.prefab
  artifactKey: Guid(5aa876f1e241db8eea8c1e8463d1f669) Importer(815301076,1909f56bfc062723c751e8b465ee728b)
Start importing Assets/Prefabs/Cannonball.prefab using Guid(5aa876f1e241db8eea8c1e8463d1f669) Importer(815301076,1909f56bfc062723c751e8b465ee728b)  -> (artifact id: 'f44e676a267260d0b5f5a5ea14fbd5bd') in 0.004969 seconds
  Import took 0.008039 seconds .

========================================================================
Received Import Request.
  Time since last request: 0.014937 seconds.
  path: Assets/Prefabs/Cannonball.prefab
  artifactKey: Guid(5aa876f1e241db8eea8c1e8463d1f669) Importer(815301076,1909f56bfc062723c751e8b465ee728b)
Start importing Assets/Prefabs/Cannonball.prefab using Guid(5aa876f1e241db8eea8c1e8463d1f669) Importer(815301076,1909f56bfc062723c751e8b465ee728b)  -> (artifact id: 'f44e676a267260d0b5f5a5ea14fbd5bd') in 0.008790 seconds
  Import took 0.011851 seconds .

========================================================================
Received Import Request.
  Time since last request: 4.135152 seconds.
  path: Assets/Prefabs/Cannonball.prefab
  artifactKey: Guid(5aa876f1e241db8eea8c1e8463d1f669) Importer(815301076,1909f56bfc062723c751e8b465ee728b)
Start importing Assets/Prefabs/Cannonball.prefab using Guid(5aa876f1e241db8eea8c1e8463d1f669) Importer(815301076,1909f56bfc062723c751e8b465ee728b)  -> (artifact id: 'aa679b5fc8102e3043f7053330cae8b7') in 0.005166 seconds
  Import took 0.008152 seconds .

========================================================================
Received Import Request.
  Time since last request: 0.008775 seconds.
  path: Assets/Prefabs/Cannonball.prefab
  artifactKey: Guid(5aa876f1e241db8eea8c1e8463d1f669) Importer(815301076,1909f56bfc062723c751e8b465ee728b)
Start importing Assets/Prefabs/Cannonball.prefab using Guid(5aa876f1e241db8eea8c1e8463d1f669) Importer(815301076,1909f56bfc062723c751e8b465ee728b)  -> (artifact id: 'aa679b5fc8102e3043f7053330cae8b7') in 0.010484 seconds
  Import took 0.013510 seconds .

========================================================================
Received Prepare
Registering precompiled user dll's ...
Registered in 0.000660 seconds.
Begin MonoManager ReloadAssembly
Native extension for LinuxStandalone target not found
Refreshing native plugins compatible for Editor in 0.36 ms, found 0 plugins.
Preloading 0 native plugins for Editor in 0.00 ms.
Invoked RoslynAnalysisRunner static constructor.
RoslynAnalysisRunner will not be running.
RoslynAnalysisRunner has terminated.
Mono: successfully reloaded assembly
- Completed reload, in  0.629 seconds
Platform modules already initialized, skipping
Shader 'Universal Render Pipeline/Particles/Lit': fallback shader 'Universal Render Pipeline/Particles/SimpleLit' not found
Refreshing native plugins compatible for Editor in 0.34 ms, found 0 plugins.
Preloading 0 native plugins for Editor in 0.00 ms.
Unloading 2419 Unused Serialized files (Serialized files now loaded: 0)
System memory in use before: 112.7 MB.
System memory in use after: 112.9 MB.

Unloading 5 unused Assets to reduce memory usage. Loaded Objects now: 3419.
Total: 2.730952 ms (FindLiveObjects: 0.217174 ms CreateObjectMapping: 0.075823 ms MarkObjects: 2.416188 ms  DeleteObjects: 0.020867 ms)

========================================================================
Received Import Request.
  Time since last request: 58.836622 seconds.
  path: Assets/Prefabs/Cannonball.prefab
  artifactKey: Guid(5aa876f1e241db8eea8c1e8463d1f669) Importer(815301076,1909f56bfc062723c751e8b465ee728b)
Start importing Assets/Prefabs/Cannonball.prefab using Guid(5aa876f1e241db8eea8c1e8463d1f669) Importer(815301076,1909f56bfc062723c751e8b465ee728b)  -> (artifact id: '29115aa6b90506218eb3cea91cae2103') in 0.117202 seconds
  Import took 0.120232 seconds .

========================================================================
Received Prepare
Registering precompiled user dll's ...
Registered in 0.000791 seconds.
Begin MonoManager ReloadAssembly
Native extension for LinuxStandalone target not found
Refreshing native plugins compatible for Editor in 0.35 ms, found 0 plugins.
Preloading 0 native plugins for Editor in 0.00 ms.
Invoked RoslynAnalysisRunner static constructor.
RoslynAnalysisRunner will not be running.
RoslynAnalysisRunner has terminated.
Mono: successfully reloaded assembly
- Completed reload, in  0.655 seconds
Platform modules already initialized, skipping
Shader 'Universal Render Pipeline/Particles/Lit': fallback shader 'Universal Render Pipeline/Particles/SimpleLit' not found
Refreshing native plugins compatible for Editor in 0.35 ms, found 0 plugins.
Preloading 0 native plugins for Editor in 0.00 ms.
Unloading 2419 Unused Serialized files (Serialized files now loaded: 0)
System memory in use before: 112.7 MB.
System memory in use after: 112.9 MB.

Unloading 5 unused Assets to reduce memory usage. Loaded Objects now: 3457.
Total: 2.557727 ms (FindLiveObjects: 0.227891 ms CreateObjectMapping: 0.078111 ms MarkObjects: 2.229878 ms  DeleteObjects: 0.021112 ms)

========================================================================
Received Import Request.
  Time since last request: 20.386885 seconds.
  path: Assets/Prefabs/Cannonball.prefab
  artifactKey: Guid(5aa876f1e241db8eea8c1e8463d1f669) Importer(815301076,1909f56bfc062723c751e8b465ee728b)
Start importing Assets/Prefabs/Cannonball.prefab using Guid(5aa876f1e241db8eea8c1e8463d1f669) Importer(815301076,1909f56bfc062723c751e8b465ee728b)  -> (artifact id: 'c75c9f5c6767755732e45556f857eb27') in 0.118841 seconds
  Import took 0.121920 seconds .

========================================================================
Received Prepare
Registering precompiled user dll's ...
Registered in 0.000625 seconds.
Begin MonoManager ReloadAssembly
Native extension for LinuxStandalone target not found
Refreshing native plugins compatible for Editor in 0.40 ms, found 0 plugins.
Preloading 0 native plugins for Editor in 0.00 ms.
Invoked RoslynAnalysisRunner static constructor.
RoslynAnalysisRunner will not be running.
RoslynAnalysisRunner has terminated.
Mono: successfully reloaded assembly
- Completed reload, in  0.625 seconds
Platform modules already initialized, skipping
Shader 'Universal Render Pipeline/Particles/Lit': fallback shader 'Universal Render Pipeline/Particles/SimpleLit' not found
Refreshing native plugins compatible for Editor in 0.40 ms, found 0 plugins.
Preloading 0 native plugins for Editor in 0.00 ms.
Unloading 2419 Unused Serialized files (Serialized files now loaded: 0)
System memory in use before: 112.9 MB.
System memory in use after: 113.2 MB.

Unloading 5 unused Assets to reduce memory usage. Loaded Objects now: 3495.
Total: 2.626922 ms (FindLiveObjects: 0.237813 ms CreateObjectMapping: 0.085482 ms MarkObjects: 2.281854 ms  DeleteObjects: 0.021032 ms)

========================================================================
Received Prepare
Shader 'Universal Render Pipeline/Particles/Lit': fallback shader 'Universal Render Pipeline/Particles/SimpleLit' not found
Refreshing native plugins compatible for Editor in 0.75 ms, found 0 plugins.
Preloading 0 native plugins for Editor in 0.00 ms.
Unloading 3 Unused Serialized files (Serialized files now loaded: 0)
System memory in use before: 64.2 MB.
System memory in use after: 64.5 MB.

Unloading 3 unused Assets to reduce memory usage. Loaded Objects now: 3495.
Total: 2.688148 ms (FindLiveObjects: 0.245414 ms CreateObjectMapping: 0.089703 ms MarkObjects: 2.333223 ms  DeleteObjects: 0.019047 ms)

========================================================================
Received Import Request.
  Time since last request: 372.498446 seconds.
  path: Assets/Shaders/BLACK.mat
  artifactKey: Guid(aa961e7333cee48e891dea84b2b8f7c6) Importer(815301076,1909f56bfc062723c751e8b465ee728b)
Start importing Assets/Shaders/BLACK.mat using Guid(aa961e7333cee48e891dea84b2b8f7c6) Importer(815301076,1909f56bfc062723c751e8b465ee728b)  -> (artifact id: 'a403d3706f1be81bf841f95507ef741e') in 0.119678 seconds
  Import took 0.122942 seconds .

========================================================================
Received Prepare
Registering precompiled user dll's ...
Registered in 0.000605 seconds.
Begin MonoManager ReloadAssembly
Native extension for LinuxStandalone target not found
Refreshing native plugins compatible for Editor in 0.35 ms, found 0 plugins.
Preloading 0 native plugins for Editor in 0.00 ms.
Invoked RoslynAnalysisRunner static constructor.
RoslynAnalysisRunner will not be running.
RoslynAnalysisRunner has terminated.
Mono: successfully reloaded assembly
- Completed reload, in  0.643 seconds
Platform modules already initialized, skipping
Shader 'Universal Render Pipeline/Particles/Lit': fallback shader 'Universal Render Pipeline/Particles/SimpleLit' not found
Refreshing native plugins compatible for Editor in 0.36 ms, found 0 plugins.
Preloading 0 native plugins for Editor in 0.00 ms.
Unloading 2419 Unused Serialized files (Serialized files now loaded: 0)
System memory in use before: 113.1 MB.
System memory in use after: 113.3 MB.

Unloading 5 unused Assets to reduce memory usage. Loaded Objects now: 3533.
Total: 2.714486 ms (FindLiveObjects: 0.265905 ms CreateObjectMapping: 0.090317 ms MarkObjects: 2.333786 ms  DeleteObjects: 0.023526 ms)

========================================================================
Received Import Request.
  Time since last request: 244.560955 seconds.
  path: Assets/Shaders/black_shader.shadergraph
  artifactKey: Guid(ae7a1a3c1a44c9e72afae5906dce2a79) Importer(815301076,1909f56bfc062723c751e8b465ee728b)
Start importing Assets/Shaders/black_shader.shadergraph using Guid(ae7a1a3c1a44c9e72afae5906dce2a79) Importer(815301076,1909f56bfc062723c751e8b465ee728b)  -> (artifact id: '8b1251ef5abea54a511ce6188c9115c4') in 0.010313 seconds
  Import took 0.013806 seconds .

========================================================================
Received Import Request.
  Time since last request: 26.686097 seconds.
  path: Assets/Shaders/black_shader.shadergraph
  artifactKey: Guid(ae7a1a3c1a44c9e72afae5906dce2a79) Importer(815301076,1909f56bfc062723c751e8b465ee728b)
Start importing Assets/Shaders/black_shader.shadergraph using Guid(ae7a1a3c1a44c9e72afae5906dce2a79) Importer(815301076,1909f56bfc062723c751e8b465ee728b)  -> (artifact id: '1059080dc7cc26ce1609d2597359e9b9') in 0.001555 seconds
  Import took 0.004588 seconds .

========================================================================
Received Import Request.
  Time since last request: 16.774412 seconds.
  path: Assets/Shaders/BLACK.mat
  artifactKey: Guid(aa961e7333cee48e891dea84b2b8f7c6) Importer(815301076,1909f56bfc062723c751e8b465ee728b)
Start importing Assets/Shaders/BLACK.mat using Guid(aa961e7333cee48e891dea84b2b8f7c6) Importer(815301076,1909f56bfc062723c751e8b465ee728b)  -> (artifact id: 'bf8f06cee3f2d315585d6a0a761c84de') in 0.146131 seconds
  Import took 0.149467 seconds .

========================================================================
Received Prepare
Registering precompiled user dll's ...
Registered in 0.000657 seconds.
Begin MonoManager ReloadAssembly
Native extension for LinuxStandalone target not found
Refreshing native plugins compatible for Editor in 0.37 ms, found 0 plugins.
Preloading 0 native plugins for Editor in 0.00 ms.
Invoked RoslynAnalysisRunner static constructor.
RoslynAnalysisRunner will not be running.
RoslynAnalysisRunner has terminated.
Mono: successfully reloaded assembly
- Completed reload, in  0.645 seconds
Platform modules already initialized, skipping
Shader 'Universal Render Pipeline/Particles/Lit': fallback shader 'Universal Render Pipeline/Particles/SimpleLit' not found
Refreshing native plugins compatible for Editor in 0.36 ms, found 0 plugins.
Preloading 0 native plugins for Editor in 0.00 ms.
Unloading 2420 Unused Serialized files (Serialized files now loaded: 0)
System memory in use before: 113.6 MB.
System memory in use after: 113.8 MB.

Unloading 5 unused Assets to reduce memory usage. Loaded Objects now: 3572.
Total: 2.854911 ms (FindLiveObjects: 0.277459 ms CreateObjectMapping: 0.097275 ms MarkObjects: 2.453911 ms  DeleteObjects: 0.025419 ms)

========================================================================
Received Prepare
Registering precompiled user dll's ...
Registered in 0.000552 seconds.
Begin MonoManager ReloadAssembly
Native extension for LinuxStandalone target not found
Refreshing native plugins compatible for Editor in 0.42 ms, found 0 plugins.
Preloading 0 native plugins for Editor in 0.00 ms.
Invoked RoslynAnalysisRunner static constructor.
RoslynAnalysisRunner will not be running.
RoslynAnalysisRunner has terminated.
Mono: successfully reloaded assembly
- Completed reload, in  0.629 seconds
Platform modules already initialized, skipping
Shader 'Universal Render Pipeline/Particles/Lit': fallback shader 'Universal Render Pipeline/Particles/SimpleLit' not found
Refreshing native plugins compatible for Editor in 0.36 ms, found 0 plugins.
Preloading 0 native plugins for Editor in 0.00 ms.
Unloading 2419 Unused Serialized files (Serialized files now loaded: 0)
System memory in use before: 113.5 MB.
System memory in use after: 113.7 MB.

Unloading 5 unused Assets to reduce memory usage. Loaded Objects now: 3574.
Total: 2.883623 ms (FindLiveObjects: 0.306949 ms CreateObjectMapping: 0.096074 ms MarkObjects: 2.453598 ms  DeleteObjects: 0.026095 ms)

========================================================================
Received Prepare
Registering precompiled user dll's ...
Registered in 0.000632 seconds.
Begin MonoManager ReloadAssembly
Native extension for LinuxStandalone target not found
Refreshing native plugins compatible for Editor in 0.35 ms, found 0 plugins.
Preloading 0 native plugins for Editor in 0.00 ms.
Invoked RoslynAnalysisRunner static constructor.
RoslynAnalysisRunner will not be running.
RoslynAnalysisRunner has terminated.
Mono: successfully reloaded assembly
- Completed reload, in  0.616 seconds
Platform modules already initialized, skipping
Shader 'Universal Render Pipeline/Particles/Lit': fallback shader 'Universal Render Pipeline/Particles/SimpleLit' not found
Refreshing native plugins compatible for Editor in 0.34 ms, found 0 plugins.
Preloading 0 native plugins for Editor in 0.00 ms.
Unloading 2419 Unused Serialized files (Serialized files now loaded: 0)
System memory in use before: 113.4 MB.
System memory in use after: 113.6 MB.

Unloading 5 unused Assets to reduce memory usage. Loaded Objects now: 3576.
Total: 2.648588 ms (FindLiveObjects: 0.238759 ms CreateObjectMapping: 0.078012 ms MarkObjects: 2.311213 ms  DeleteObjects: 0.019851 ms)

========================================================================
Received Import Request.
  Time since last request: 436.963118 seconds.
  path: Assets/Shaders/BLACK.mat
  artifactKey: Guid(aa961e7333cee48e891dea84b2b8f7c6) Importer(815301076,1909f56bfc062723c751e8b465ee728b)
Start importing Assets/Shaders/BLACK.mat using Guid(aa961e7333cee48e891dea84b2b8f7c6) Importer(815301076,1909f56bfc062723c751e8b465ee728b)  -> (artifact id: 'f281448bf1ee410f8f7baebb651e2e6e') in 0.128774 seconds
  Import took 0.132120 seconds .

========================================================================
Received Prepare
Registering precompiled user dll's ...
Registered in 0.000726 seconds.
Begin MonoManager ReloadAssembly
Native extension for LinuxStandalone target not found
Refreshing native plugins compatible for Editor in 0.35 ms, found 0 plugins.
Preloading 0 native plugins for Editor in 0.00 ms.
Invoked RoslynAnalysisRunner static constructor.
RoslynAnalysisRunner will not be running.
RoslynAnalysisRunner has terminated.
Mono: successfully reloaded assembly
- Completed reload, in  0.650 seconds
Platform modules already initialized, skipping
Shader 'Universal Render Pipeline/Particles/Lit': fallback shader 'Universal Render Pipeline/Particles/SimpleLit' not found
Refreshing native plugins compatible for Editor in 0.35 ms, found 0 plugins.
Preloading 0 native plugins for Editor in 0.00 ms.
Unloading 2419 Unused Serialized files (Serialized files now loaded: 0)
System memory in use before: 113.7 MB.
System memory in use after: 113.9 MB.

Unloading 5 unused Assets to reduce memory usage. Loaded Objects now: 3614.
Total: 2.875244 ms (FindLiveObjects: 0.245469 ms CreateObjectMapping: 0.082097 ms MarkObjects: 2.524932 ms  DeleteObjects: 0.021828 ms)

========================================================================
Received Prepare
Registering precompiled user dll's ...
Registered in 0.000592 seconds.
Begin MonoManager ReloadAssembly
Native extension for LinuxStandalone target not found
Refreshing native plugins compatible for Editor in 0.35 ms, found 0 plugins.
Preloading 0 native plugins for Editor in 0.00 ms.
Invoked RoslynAnalysisRunner static constructor.
RoslynAnalysisRunner will not be running.
RoslynAnalysisRunner has terminated.
Mono: successfully reloaded assembly
- Completed reload, in  0.632 seconds
Platform modules already initialized, skipping
Shader 'Universal Render Pipeline/Particles/Lit': fallback shader 'Universal Render Pipeline/Particles/SimpleLit' not found
Refreshing native plugins compatible for Editor in 0.35 ms, found 0 plugins.
Preloading 0 native plugins for Editor in 0.00 ms.
Unloading 2419 Unused Serialized files (Serialized files now loaded: 0)
System memory in use before: 113.7 MB.
System memory in use after: 113.9 MB.

Unloading 5 unused Assets to reduce memory usage. Loaded Objects now: 3616.
Total: 2.832987 ms (FindLiveObjects: 0.279410 ms CreateObjectMapping: 0.102341 ms MarkObjects: 2.408748 ms  DeleteObjects: 0.041458 ms)

========================================================================
Received Prepare
Shader 'Universal Render Pipeline/Particles/Lit': fallback shader 'Universal Render Pipeline/Particles/SimpleLit' not found
Refreshing native plugins compatible for Editor in 0.81 ms, found 0 plugins.
Preloading 0 native plugins for Editor in 0.00 ms.
Unloading 3 Unused Serialized files (Serialized files now loaded: 0)
System memory in use before: 65.0 MB.
System memory in use after: 65.2 MB.

Unloading 3 unused Assets to reduce memory usage. Loaded Objects now: 3616.
Total: 2.764836 ms (FindLiveObjects: 0.293189 ms CreateObjectMapping: 0.099039 ms MarkObjects: 2.351241 ms  DeleteObjects: 0.020596 ms)

AssetImportWorkerClient::OnTransportError - code=2 error=End of file
